{"C:\\Users\\h.delossantos\\OneDrive - Soventix Caribbean\\Desktop\\Projects\\Skills_dev\\skills-dashboard\\server\\src\\index.js": {"path":"C:\\Users\\h.delossantos\\OneDrive - Soventix Caribbean\\Desktop\\Projects\\Skills_dev\\skills-dashboard\\server\\src\\index.js","all":false,"statementMap":{"0":{"start":{"line":1,"column":0},"end":{"line":1,"column":30}},"1":{"start":{"line":2,"column":0},"end":{"line":2,"column":24}},"2":{"start":{"line":3,"column":0},"end":{"line":3,"column":41}},"3":{"start":{"line":4,"column":0},"end":{"line":4,"column":46}},"4":{"start":{"line":5,"column":0},"end":{"line":5,"column":42}},"5":{"start":{"line":6,"column":0},"end":{"line":6,"column":54}},"6":{"start":{"line":7,"column":0},"end":{"line":7,"column":0}},"7":{"start":{"line":8,"column":0},"end":{"line":8,"column":41}},"8":{"start":{"line":9,"column":0},"end":{"line":9,"column":0}},"9":{"start":{"line":10,"column":0},"end":{"line":10,"column":29}},"10":{"start":{"line":11,"column":0},"end":{"line":11,"column":24}},"11":{"start":{"line":12,"column":0},"end":{"line":12,"column":0}},"12":{"start":{"line":13,"column":0},"end":{"line":13,"column":18}},"13":{"start":{"line":14,"column":0},"end":{"line":14,"column":26}},"14":{"start":{"line":15,"column":0},"end":{"line":15,"column":26}},"15":{"start":{"line":16,"column":0},"end":{"line":16,"column":0}},"16":{"start":{"line":17,"column":0},"end":{"line":17,"column":25}},"17":{"start":{"line":18,"column":0},"end":{"line":18,"column":35}},"18":{"start":{"line":19,"column":0},"end":{"line":19,"column":0}},"19":{"start":{"line":20,"column":0},"end":{"line":20,"column":65}},"20":{"start":{"line":21,"column":0},"end":{"line":21,"column":15}},"21":{"start":{"line":22,"column":0},"end":{"line":22,"column":65}},"22":{"start":{"line":23,"column":0},"end":{"line":23,"column":0}},"23":{"start":{"line":24,"column":0},"end":{"line":24,"column":73}},"24":{"start":{"line":25,"column":0},"end":{"line":25,"column":44}},"25":{"start":{"line":26,"column":0},"end":{"line":26,"column":9}},"26":{"start":{"line":27,"column":0},"end":{"line":27,"column":79}},"27":{"start":{"line":28,"column":0},"end":{"line":28,"column":6}},"28":{"start":{"line":29,"column":0},"end":{"line":29,"column":48}},"29":{"start":{"line":30,"column":0},"end":{"line":30,"column":57}},"30":{"start":{"line":31,"column":0},"end":{"line":31,"column":34}},"31":{"start":{"line":32,"column":0},"end":{"line":32,"column":33}},"32":{"start":{"line":33,"column":0},"end":{"line":33,"column":9}},"33":{"start":{"line":34,"column":0},"end":{"line":34,"column":0}},"34":{"start":{"line":35,"column":0},"end":{"line":35,"column":50}},"35":{"start":{"line":36,"column":0},"end":{"line":36,"column":34}},"36":{"start":{"line":37,"column":0},"end":{"line":37,"column":30}},"37":{"start":{"line":38,"column":0},"end":{"line":38,"column":9}},"38":{"start":{"line":39,"column":0},"end":{"line":39,"column":0}},"39":{"start":{"line":40,"column":0},"end":{"line":40,"column":0}},"40":{"start":{"line":41,"column":0},"end":{"line":41,"column":64}},"41":{"start":{"line":42,"column":0},"end":{"line":42,"column":66}},"42":{"start":{"line":43,"column":0},"end":{"line":43,"column":30}},"43":{"start":{"line":44,"column":0},"end":{"line":44,"column":36}},"44":{"start":{"line":45,"column":0},"end":{"line":45,"column":93}},"45":{"start":{"line":46,"column":0},"end":{"line":46,"column":9}},"46":{"start":{"line":47,"column":0},"end":{"line":47,"column":0}},"47":{"start":{"line":48,"column":0},"end":{"line":48,"column":67}},"48":{"start":{"line":49,"column":0},"end":{"line":49,"column":18}},"49":{"start":{"line":50,"column":0},"end":{"line":50,"column":24}},"50":{"start":{"line":51,"column":0},"end":{"line":51,"column":77}},"51":{"start":{"line":52,"column":0},"end":{"line":52,"column":11}},"52":{"start":{"line":53,"column":0},"end":{"line":53,"column":9}},"53":{"start":{"line":54,"column":0},"end":{"line":54,"column":9}},"54":{"start":{"line":55,"column":0},"end":{"line":55,"column":6}},"55":{"start":{"line":56,"column":0},"end":{"line":56,"column":52}},"56":{"start":{"line":57,"column":0},"end":{"line":57,"column":57}},"57":{"start":{"line":58,"column":0},"end":{"line":58,"column":29}},"58":{"start":{"line":59,"column":0},"end":{"line":59,"column":27}},"59":{"start":{"line":60,"column":0},"end":{"line":60,"column":26}},"60":{"start":{"line":61,"column":0},"end":{"line":61,"column":8}},"61":{"start":{"line":62,"column":0},"end":{"line":62,"column":49}},"62":{"start":{"line":63,"column":0},"end":{"line":63,"column":52}},"63":{"start":{"line":64,"column":0},"end":{"line":64,"column":8}},"64":{"start":{"line":65,"column":0},"end":{"line":65,"column":38}},"65":{"start":{"line":66,"column":0},"end":{"line":66,"column":34}},"66":{"start":{"line":67,"column":0},"end":{"line":67,"column":27}},"67":{"start":{"line":68,"column":0},"end":{"line":68,"column":106}},"68":{"start":{"line":69,"column":0},"end":{"line":69,"column":36}},"69":{"start":{"line":70,"column":0},"end":{"line":70,"column":12}},"70":{"start":{"line":71,"column":0},"end":{"line":71,"column":10}},"71":{"start":{"line":72,"column":0},"end":{"line":72,"column":57}},"72":{"start":{"line":73,"column":0},"end":{"line":73,"column":106}},"73":{"start":{"line":74,"column":0},"end":{"line":74,"column":130}},"74":{"start":{"line":75,"column":0},"end":{"line":75,"column":10}},"75":{"start":{"line":76,"column":0},"end":{"line":76,"column":66}},"76":{"start":{"line":77,"column":0},"end":{"line":77,"column":34}},"77":{"start":{"line":78,"column":0},"end":{"line":78,"column":24}},"78":{"start":{"line":79,"column":0},"end":{"line":79,"column":11}},"79":{"start":{"line":80,"column":0},"end":{"line":80,"column":11}},"80":{"start":{"line":81,"column":0},"end":{"line":81,"column":8}},"81":{"start":{"line":82,"column":0},"end":{"line":82,"column":68}},"82":{"start":{"line":83,"column":0},"end":{"line":83,"column":8}},"83":{"start":{"line":84,"column":0},"end":{"line":84,"column":16}},"84":{"start":{"line":85,"column":0},"end":{"line":85,"column":21}},"85":{"start":{"line":86,"column":0},"end":{"line":86,"column":29}},"86":{"start":{"line":87,"column":0},"end":{"line":87,"column":23}},"87":{"start":{"line":88,"column":0},"end":{"line":88,"column":29}},"88":{"start":{"line":89,"column":0},"end":{"line":89,"column":28}},"89":{"start":{"line":90,"column":0},"end":{"line":90,"column":73}},"90":{"start":{"line":91,"column":0},"end":{"line":91,"column":42}},"91":{"start":{"line":92,"column":0},"end":{"line":92,"column":10}},"92":{"start":{"line":93,"column":0},"end":{"line":93,"column":9}},"93":{"start":{"line":94,"column":0},"end":{"line":94,"column":0}},"94":{"start":{"line":95,"column":0},"end":{"line":95,"column":50}},"95":{"start":{"line":96,"column":0},"end":{"line":96,"column":56}},"96":{"start":{"line":97,"column":0},"end":{"line":97,"column":0}},"97":{"start":{"line":98,"column":0},"end":{"line":98,"column":16}},"98":{"start":{"line":99,"column":0},"end":{"line":99,"column":42}},"99":{"start":{"line":100,"column":0},"end":{"line":100,"column":19}},"100":{"start":{"line":101,"column":0},"end":{"line":101,"column":27}},"101":{"start":{"line":102,"column":0},"end":{"line":102,"column":25}},"102":{"start":{"line":103,"column":0},"end":{"line":103,"column":71}},"103":{"start":{"line":104,"column":0},"end":{"line":104,"column":12}},"104":{"start":{"line":105,"column":0},"end":{"line":105,"column":34}},"105":{"start":{"line":106,"column":0},"end":{"line":106,"column":19}},"106":{"start":{"line":107,"column":0},"end":{"line":107,"column":35}},"107":{"start":{"line":108,"column":0},"end":{"line":108,"column":26}},"108":{"start":{"line":109,"column":0},"end":{"line":109,"column":12}},"109":{"start":{"line":110,"column":0},"end":{"line":110,"column":22}},"110":{"start":{"line":111,"column":0},"end":{"line":111,"column":21}},"111":{"start":{"line":112,"column":0},"end":{"line":112,"column":35}},"112":{"start":{"line":113,"column":0},"end":{"line":113,"column":9}},"113":{"start":{"line":114,"column":0},"end":{"line":114,"column":21}},"114":{"start":{"line":115,"column":0},"end":{"line":115,"column":58}},"115":{"start":{"line":116,"column":0},"end":{"line":116,"column":62}},"116":{"start":{"line":117,"column":0},"end":{"line":117,"column":5}},"117":{"start":{"line":118,"column":0},"end":{"line":118,"column":5}},"118":{"start":{"line":119,"column":0},"end":{"line":119,"column":0}},"119":{"start":{"line":120,"column":0},"end":{"line":120,"column":51}},"120":{"start":{"line":121,"column":0},"end":{"line":121,"column":54}},"121":{"start":{"line":122,"column":0},"end":{"line":122,"column":9}},"122":{"start":{"line":123,"column":0},"end":{"line":123,"column":63}},"123":{"start":{"line":124,"column":0},"end":{"line":124,"column":0}},"124":{"start":{"line":125,"column":0},"end":{"line":125,"column":28}},"125":{"start":{"line":126,"column":0},"end":{"line":126,"column":80}},"126":{"start":{"line":127,"column":0},"end":{"line":127,"column":7}},"127":{"start":{"line":128,"column":0},"end":{"line":128,"column":0}},"128":{"start":{"line":129,"column":0},"end":{"line":129,"column":61}},"129":{"start":{"line":130,"column":0},"end":{"line":130,"column":15}},"130":{"start":{"line":131,"column":0},"end":{"line":131,"column":17}},"131":{"start":{"line":132,"column":0},"end":{"line":132,"column":14}},"132":{"start":{"line":133,"column":0},"end":{"line":133,"column":16}},"133":{"start":{"line":134,"column":0},"end":{"line":134,"column":9}},"134":{"start":{"line":135,"column":0},"end":{"line":135,"column":9}},"135":{"start":{"line":136,"column":0},"end":{"line":136,"column":0}},"136":{"start":{"line":137,"column":0},"end":{"line":137,"column":42}},"137":{"start":{"line":138,"column":0},"end":{"line":138,"column":49}},"138":{"start":{"line":139,"column":0},"end":{"line":139,"column":81}},"139":{"start":{"line":140,"column":0},"end":{"line":140,"column":42}},"140":{"start":{"line":141,"column":0},"end":{"line":141,"column":37}},"141":{"start":{"line":142,"column":0},"end":{"line":142,"column":45}},"142":{"start":{"line":143,"column":0},"end":{"line":143,"column":45}},"143":{"start":{"line":144,"column":0},"end":{"line":144,"column":45}},"144":{"start":{"line":145,"column":0},"end":{"line":145,"column":26}},"145":{"start":{"line":146,"column":0},"end":{"line":146,"column":12}},"146":{"start":{"line":147,"column":0},"end":{"line":147,"column":0}},"147":{"start":{"line":148,"column":0},"end":{"line":148,"column":44}},"148":{"start":{"line":149,"column":0},"end":{"line":149,"column":30}},"149":{"start":{"line":150,"column":0},"end":{"line":150,"column":11}},"150":{"start":{"line":151,"column":0},"end":{"line":151,"column":7}},"151":{"start":{"line":152,"column":0},"end":{"line":152,"column":0}},"152":{"start":{"line":153,"column":0},"end":{"line":153,"column":34}},"153":{"start":{"line":154,"column":0},"end":{"line":154,"column":16}},"154":{"start":{"line":155,"column":0},"end":{"line":155,"column":28}},"155":{"start":{"line":156,"column":0},"end":{"line":156,"column":36}},"156":{"start":{"line":157,"column":0},"end":{"line":157,"column":30}},"157":{"start":{"line":158,"column":0},"end":{"line":158,"column":36}},"158":{"start":{"line":159,"column":0},"end":{"line":159,"column":28}},"159":{"start":{"line":160,"column":0},"end":{"line":160,"column":9}},"160":{"start":{"line":161,"column":0},"end":{"line":161,"column":21}},"161":{"start":{"line":162,"column":0},"end":{"line":162,"column":68}},"162":{"start":{"line":163,"column":0},"end":{"line":163,"column":69}},"163":{"start":{"line":164,"column":0},"end":{"line":164,"column":5}},"164":{"start":{"line":165,"column":0},"end":{"line":165,"column":5}},"165":{"start":{"line":166,"column":0},"end":{"line":166,"column":0}},"166":{"start":{"line":167,"column":0},"end":{"line":167,"column":44}},"167":{"start":{"line":168,"column":0},"end":{"line":168,"column":51}},"168":{"start":{"line":169,"column":0},"end":{"line":169,"column":9}},"169":{"start":{"line":170,"column":0},"end":{"line":170,"column":68}},"170":{"start":{"line":171,"column":0},"end":{"line":171,"column":31}},"171":{"start":{"line":172,"column":0},"end":{"line":172,"column":9}},"172":{"start":{"line":173,"column":0},"end":{"line":173,"column":0}},"173":{"start":{"line":174,"column":0},"end":{"line":174,"column":43}},"174":{"start":{"line":175,"column":0},"end":{"line":175,"column":85}},"175":{"start":{"line":176,"column":0},"end":{"line":176,"column":7}},"176":{"start":{"line":177,"column":0},"end":{"line":177,"column":0}},"177":{"start":{"line":178,"column":0},"end":{"line":178,"column":55}},"178":{"start":{"line":179,"column":0},"end":{"line":179,"column":0}},"179":{"start":{"line":180,"column":0},"end":{"line":180,"column":58}},"180":{"start":{"line":181,"column":0},"end":{"line":181,"column":42}},"181":{"start":{"line":182,"column":0},"end":{"line":182,"column":50}},"182":{"start":{"line":183,"column":0},"end":{"line":183,"column":9}},"183":{"start":{"line":184,"column":0},"end":{"line":184,"column":0}},"184":{"start":{"line":185,"column":0},"end":{"line":185,"column":29}},"185":{"start":{"line":186,"column":0},"end":{"line":186,"column":44}},"186":{"start":{"line":187,"column":0},"end":{"line":187,"column":38}},"187":{"start":{"line":188,"column":0},"end":{"line":188,"column":9}},"188":{"start":{"line":189,"column":0},"end":{"line":189,"column":0}},"189":{"start":{"line":190,"column":0},"end":{"line":190,"column":16}},"190":{"start":{"line":191,"column":0},"end":{"line":191,"column":26}},"191":{"start":{"line":192,"column":0},"end":{"line":192,"column":33}},"192":{"start":{"line":193,"column":0},"end":{"line":193,"column":9}},"193":{"start":{"line":194,"column":0},"end":{"line":194,"column":21}},"194":{"start":{"line":195,"column":0},"end":{"line":195,"column":65}},"195":{"start":{"line":196,"column":0},"end":{"line":196,"column":69}},"196":{"start":{"line":197,"column":0},"end":{"line":197,"column":5}},"197":{"start":{"line":198,"column":0},"end":{"line":198,"column":5}},"198":{"start":{"line":199,"column":0},"end":{"line":199,"column":0}},"199":{"start":{"line":200,"column":0},"end":{"line":200,"column":72}},"200":{"start":{"line":201,"column":0},"end":{"line":201,"column":50}},"201":{"start":{"line":202,"column":0},"end":{"line":202,"column":9}},"202":{"start":{"line":203,"column":0},"end":{"line":203,"column":67}},"203":{"start":{"line":204,"column":0},"end":{"line":204,"column":6}},"204":{"start":{"line":205,"column":0},"end":{"line":205,"column":57}},"205":{"start":{"line":206,"column":0},"end":{"line":206,"column":57}},"206":{"start":{"line":207,"column":0},"end":{"line":207,"column":19}},"207":{"start":{"line":208,"column":0},"end":{"line":208,"column":20}},"208":{"start":{"line":209,"column":0},"end":{"line":209,"column":22}},"209":{"start":{"line":210,"column":0},"end":{"line":210,"column":80}},"210":{"start":{"line":211,"column":0},"end":{"line":211,"column":14}},"211":{"start":{"line":212,"column":0},"end":{"line":212,"column":12}},"212":{"start":{"line":213,"column":0},"end":{"line":213,"column":10}},"213":{"start":{"line":214,"column":0},"end":{"line":214,"column":33}},"214":{"start":{"line":215,"column":0},"end":{"line":215,"column":9}},"215":{"start":{"line":216,"column":0},"end":{"line":216,"column":37}},"216":{"start":{"line":217,"column":0},"end":{"line":217,"column":13}},"217":{"start":{"line":218,"column":0},"end":{"line":218,"column":35}},"218":{"start":{"line":219,"column":0},"end":{"line":219,"column":11}},"219":{"start":{"line":220,"column":0},"end":{"line":220,"column":21}},"220":{"start":{"line":221,"column":0},"end":{"line":221,"column":64}},"221":{"start":{"line":222,"column":0},"end":{"line":222,"column":69}},"222":{"start":{"line":223,"column":0},"end":{"line":223,"column":5}},"223":{"start":{"line":224,"column":0},"end":{"line":224,"column":5}},"224":{"start":{"line":225,"column":0},"end":{"line":225,"column":0}},"225":{"start":{"line":226,"column":0},"end":{"line":226,"column":0}},"226":{"start":{"line":227,"column":0},"end":{"line":227,"column":0}},"227":{"start":{"line":228,"column":0},"end":{"line":228,"column":64}},"228":{"start":{"line":229,"column":0},"end":{"line":229,"column":46}},"229":{"start":{"line":230,"column":0},"end":{"line":230,"column":9}},"230":{"start":{"line":231,"column":0},"end":{"line":231,"column":67}},"231":{"start":{"line":232,"column":0},"end":{"line":232,"column":6}},"232":{"start":{"line":233,"column":0},"end":{"line":233,"column":50}},"233":{"start":{"line":234,"column":0},"end":{"line":234,"column":56}},"234":{"start":{"line":235,"column":0},"end":{"line":235,"column":9}},"235":{"start":{"line":236,"column":0},"end":{"line":236,"column":23}},"236":{"start":{"line":237,"column":0},"end":{"line":237,"column":21}},"237":{"start":{"line":238,"column":0},"end":{"line":238,"column":60}},"238":{"start":{"line":239,"column":0},"end":{"line":239,"column":65}},"239":{"start":{"line":240,"column":0},"end":{"line":240,"column":5}},"240":{"start":{"line":241,"column":0},"end":{"line":241,"column":5}},"241":{"start":{"line":242,"column":0},"end":{"line":242,"column":0}},"242":{"start":{"line":243,"column":0},"end":{"line":243,"column":52}},"243":{"start":{"line":244,"column":0},"end":{"line":244,"column":53}},"244":{"start":{"line":245,"column":0},"end":{"line":245,"column":9}},"245":{"start":{"line":246,"column":0},"end":{"line":246,"column":65}},"246":{"start":{"line":247,"column":0},"end":{"line":247,"column":30}},"247":{"start":{"line":248,"column":0},"end":{"line":248,"column":21}},"248":{"start":{"line":249,"column":0},"end":{"line":249,"column":67}},"249":{"start":{"line":250,"column":0},"end":{"line":250,"column":72}},"250":{"start":{"line":251,"column":0},"end":{"line":251,"column":5}},"251":{"start":{"line":252,"column":0},"end":{"line":252,"column":5}},"252":{"start":{"line":253,"column":0},"end":{"line":253,"column":0}},"253":{"start":{"line":254,"column":0},"end":{"line":254,"column":65}},"254":{"start":{"line":255,"column":0},"end":{"line":255,"column":41}},"255":{"start":{"line":256,"column":0},"end":{"line":256,"column":65}},"256":{"start":{"line":257,"column":0},"end":{"line":257,"column":0}},"257":{"start":{"line":258,"column":0},"end":{"line":258,"column":43}},"258":{"start":{"line":259,"column":0},"end":{"line":259,"column":67}},"259":{"start":{"line":260,"column":0},"end":{"line":260,"column":9}},"260":{"start":{"line":261,"column":0},"end":{"line":261,"column":41}},"261":{"start":{"line":262,"column":0},"end":{"line":262,"column":30}},"262":{"start":{"line":263,"column":0},"end":{"line":263,"column":88}},"263":{"start":{"line":264,"column":0},"end":{"line":264,"column":7}},"264":{"start":{"line":265,"column":0},"end":{"line":265,"column":6}},"265":{"start":{"line":266,"column":0},"end":{"line":266,"column":39}},"266":{"start":{"line":267,"column":0},"end":{"line":267,"column":56}},"267":{"start":{"line":268,"column":0},"end":{"line":268,"column":29}},"268":{"start":{"line":269,"column":0},"end":{"line":269,"column":9}},"269":{"start":{"line":270,"column":0},"end":{"line":270,"column":55}},"270":{"start":{"line":271,"column":0},"end":{"line":271,"column":0}},"271":{"start":{"line":272,"column":0},"end":{"line":272,"column":53}},"272":{"start":{"line":273,"column":0},"end":{"line":273,"column":49}},"273":{"start":{"line":274,"column":0},"end":{"line":274,"column":9}},"274":{"start":{"line":275,"column":0},"end":{"line":275,"column":25}},"275":{"start":{"line":276,"column":0},"end":{"line":276,"column":21}},"276":{"start":{"line":277,"column":0},"end":{"line":277,"column":65}},"277":{"start":{"line":278,"column":0},"end":{"line":278,"column":67}},"278":{"start":{"line":279,"column":0},"end":{"line":279,"column":5}},"279":{"start":{"line":280,"column":0},"end":{"line":280,"column":5}},"280":{"start":{"line":281,"column":0},"end":{"line":281,"column":0}},"281":{"start":{"line":282,"column":0},"end":{"line":282,"column":53}},"282":{"start":{"line":283,"column":0},"end":{"line":283,"column":38}},"283":{"start":{"line":284,"column":0},"end":{"line":284,"column":74}},"284":{"start":{"line":285,"column":0},"end":{"line":285,"column":9}},"285":{"start":{"line":286,"column":0},"end":{"line":286,"column":62}},"286":{"start":{"line":287,"column":0},"end":{"line":287,"column":6}},"287":{"start":{"line":288,"column":0},"end":{"line":288,"column":34}},"288":{"start":{"line":289,"column":0},"end":{"line":289,"column":71}},"289":{"start":{"line":290,"column":0},"end":{"line":290,"column":7}},"290":{"start":{"line":291,"column":0},"end":{"line":291,"column":0}},"291":{"start":{"line":292,"column":0},"end":{"line":292,"column":40}},"292":{"start":{"line":293,"column":0},"end":{"line":293,"column":32}},"293":{"start":{"line":294,"column":0},"end":{"line":294,"column":33}},"294":{"start":{"line":295,"column":0},"end":{"line":295,"column":34}},"295":{"start":{"line":296,"column":0},"end":{"line":296,"column":40}},"296":{"start":{"line":297,"column":0},"end":{"line":297,"column":34}},"297":{"start":{"line":298,"column":0},"end":{"line":298,"column":12}},"298":{"start":{"line":299,"column":0},"end":{"line":299,"column":9}},"299":{"start":{"line":300,"column":0},"end":{"line":300,"column":8}},"300":{"start":{"line":301,"column":0},"end":{"line":301,"column":6}},"301":{"start":{"line":302,"column":0},"end":{"line":302,"column":34}},"302":{"start":{"line":303,"column":0},"end":{"line":303,"column":21}},"303":{"start":{"line":304,"column":0},"end":{"line":304,"column":72}},"304":{"start":{"line":305,"column":0},"end":{"line":305,"column":71}},"305":{"start":{"line":306,"column":0},"end":{"line":306,"column":5}},"306":{"start":{"line":307,"column":0},"end":{"line":307,"column":5}},"307":{"start":{"line":308,"column":0},"end":{"line":308,"column":0}},"308":{"start":{"line":309,"column":0},"end":{"line":309,"column":46}},"309":{"start":{"line":310,"column":0},"end":{"line":310,"column":70}},"310":{"start":{"line":311,"column":0},"end":{"line":311,"column":9}},"311":{"start":{"line":312,"column":0},"end":{"line":312,"column":32}},"312":{"start":{"line":313,"column":0},"end":{"line":313,"column":41}},"313":{"start":{"line":314,"column":0},"end":{"line":314,"column":53}},"314":{"start":{"line":315,"column":0},"end":{"line":315,"column":36}},"315":{"start":{"line":316,"column":0},"end":{"line":316,"column":31}},"316":{"start":{"line":317,"column":0},"end":{"line":317,"column":9}},"317":{"start":{"line":318,"column":0},"end":{"line":318,"column":25}},"318":{"start":{"line":319,"column":0},"end":{"line":319,"column":21}},"319":{"start":{"line":320,"column":0},"end":{"line":320,"column":64}},"320":{"start":{"line":321,"column":0},"end":{"line":321,"column":67}},"321":{"start":{"line":322,"column":0},"end":{"line":322,"column":5}},"322":{"start":{"line":323,"column":0},"end":{"line":323,"column":5}},"323":{"start":{"line":324,"column":0},"end":{"line":324,"column":0}},"324":{"start":{"line":325,"column":0},"end":{"line":325,"column":71}},"325":{"start":{"line":326,"column":0},"end":{"line":326,"column":73}},"326":{"start":{"line":327,"column":0},"end":{"line":327,"column":9}},"327":{"start":{"line":328,"column":0},"end":{"line":328,"column":32}},"328":{"start":{"line":329,"column":0},"end":{"line":329,"column":38}},"329":{"start":{"line":330,"column":0},"end":{"line":330,"column":6}},"330":{"start":{"line":331,"column":0},"end":{"line":331,"column":72}},"331":{"start":{"line":332,"column":0},"end":{"line":332,"column":33}},"332":{"start":{"line":333,"column":0},"end":{"line":333,"column":34}},"333":{"start":{"line":334,"column":0},"end":{"line":334,"column":45}},"334":{"start":{"line":335,"column":0},"end":{"line":335,"column":35}},"335":{"start":{"line":336,"column":0},"end":{"line":336,"column":11}},"336":{"start":{"line":337,"column":0},"end":{"line":337,"column":33}},"337":{"start":{"line":338,"column":0},"end":{"line":338,"column":36}},"338":{"start":{"line":339,"column":0},"end":{"line":339,"column":35}},"339":{"start":{"line":340,"column":0},"end":{"line":340,"column":10}},"340":{"start":{"line":341,"column":0},"end":{"line":341,"column":9}},"341":{"start":{"line":342,"column":0},"end":{"line":342,"column":6}},"342":{"start":{"line":343,"column":0},"end":{"line":343,"column":79}},"343":{"start":{"line":344,"column":0},"end":{"line":344,"column":21}},"344":{"start":{"line":345,"column":0},"end":{"line":345,"column":67}},"345":{"start":{"line":346,"column":0},"end":{"line":346,"column":70}},"346":{"start":{"line":347,"column":0},"end":{"line":347,"column":5}},"347":{"start":{"line":348,"column":0},"end":{"line":348,"column":5}},"348":{"start":{"line":349,"column":0},"end":{"line":349,"column":0}},"349":{"start":{"line":350,"column":0},"end":{"line":350,"column":81}},"350":{"start":{"line":351,"column":0},"end":{"line":351,"column":78}},"351":{"start":{"line":352,"column":0},"end":{"line":352,"column":9}},"352":{"start":{"line":353,"column":0},"end":{"line":353,"column":32}},"353":{"start":{"line":354,"column":0},"end":{"line":354,"column":38}},"354":{"start":{"line":355,"column":0},"end":{"line":355,"column":6}},"355":{"start":{"line":356,"column":0},"end":{"line":356,"column":67}},"356":{"start":{"line":357,"column":0},"end":{"line":357,"column":33}},"357":{"start":{"line":358,"column":0},"end":{"line":358,"column":34}},"358":{"start":{"line":359,"column":0},"end":{"line":359,"column":45}},"359":{"start":{"line":360,"column":0},"end":{"line":360,"column":34}},"360":{"start":{"line":361,"column":0},"end":{"line":361,"column":11}},"361":{"start":{"line":362,"column":0},"end":{"line":362,"column":33}},"362":{"start":{"line":363,"column":0},"end":{"line":363,"column":36}},"363":{"start":{"line":364,"column":0},"end":{"line":364,"column":34}},"364":{"start":{"line":365,"column":0},"end":{"line":365,"column":10}},"365":{"start":{"line":366,"column":0},"end":{"line":366,"column":9}},"366":{"start":{"line":367,"column":0},"end":{"line":367,"column":6}},"367":{"start":{"line":368,"column":0},"end":{"line":368,"column":80}},"368":{"start":{"line":369,"column":0},"end":{"line":369,"column":21}},"369":{"start":{"line":370,"column":0},"end":{"line":370,"column":76}},"370":{"start":{"line":371,"column":0},"end":{"line":371,"column":71}},"371":{"start":{"line":372,"column":0},"end":{"line":372,"column":5}},"372":{"start":{"line":373,"column":0},"end":{"line":373,"column":5}},"373":{"start":{"line":374,"column":0},"end":{"line":374,"column":0}},"374":{"start":{"line":375,"column":0},"end":{"line":375,"column":53}},"375":{"start":{"line":376,"column":0},"end":{"line":376,"column":0}},"376":{"start":{"line":377,"column":0},"end":{"line":377,"column":74}},"377":{"start":{"line":378,"column":0},"end":{"line":378,"column":9}},"378":{"start":{"line":379,"column":0},"end":{"line":379,"column":90}},"379":{"start":{"line":380,"column":0},"end":{"line":380,"column":6}},"380":{"start":{"line":381,"column":0},"end":{"line":381,"column":34}},"381":{"start":{"line":382,"column":0},"end":{"line":382,"column":91}},"382":{"start":{"line":383,"column":0},"end":{"line":383,"column":7}},"383":{"start":{"line":384,"column":0},"end":{"line":384,"column":0}},"384":{"start":{"line":385,"column":0},"end":{"line":385,"column":43}},"385":{"start":{"line":386,"column":0},"end":{"line":386,"column":46}},"386":{"start":{"line":387,"column":0},"end":{"line":387,"column":38}},"387":{"start":{"line":388,"column":0},"end":{"line":388,"column":34}},"388":{"start":{"line":389,"column":0},"end":{"line":389,"column":28}},"389":{"start":{"line":390,"column":0},"end":{"line":390,"column":11}},"390":{"start":{"line":391,"column":0},"end":{"line":391,"column":7}},"391":{"start":{"line":392,"column":0},"end":{"line":392,"column":0}},"392":{"start":{"line":393,"column":0},"end":{"line":393,"column":34}},"393":{"start":{"line":394,"column":0},"end":{"line":394,"column":21}},"394":{"start":{"line":395,"column":0},"end":{"line":395,"column":72}},"395":{"start":{"line":396,"column":0},"end":{"line":396,"column":71}},"396":{"start":{"line":397,"column":0},"end":{"line":397,"column":5}},"397":{"start":{"line":398,"column":0},"end":{"line":398,"column":5}},"398":{"start":{"line":399,"column":0},"end":{"line":399,"column":0}},"399":{"start":{"line":400,"column":0},"end":{"line":400,"column":50}},"400":{"start":{"line":401,"column":0},"end":{"line":401,"column":70}},"401":{"start":{"line":402,"column":0},"end":{"line":402,"column":9}},"402":{"start":{"line":403,"column":0},"end":{"line":403,"column":54}},"403":{"start":{"line":404,"column":0},"end":{"line":404,"column":28}},"404":{"start":{"line":405,"column":0},"end":{"line":405,"column":80}},"405":{"start":{"line":406,"column":0},"end":{"line":406,"column":7}},"406":{"start":{"line":407,"column":0},"end":{"line":407,"column":0}},"407":{"start":{"line":408,"column":0},"end":{"line":408,"column":61}},"408":{"start":{"line":409,"column":0},"end":{"line":409,"column":15}},"409":{"start":{"line":410,"column":0},"end":{"line":410,"column":17}},"410":{"start":{"line":411,"column":0},"end":{"line":411,"column":14}},"411":{"start":{"line":412,"column":0},"end":{"line":412,"column":16}},"412":{"start":{"line":413,"column":0},"end":{"line":413,"column":33}},"413":{"start":{"line":414,"column":0},"end":{"line":414,"column":9}},"414":{"start":{"line":415,"column":0},"end":{"line":415,"column":9}},"415":{"start":{"line":416,"column":0},"end":{"line":416,"column":29}},"416":{"start":{"line":417,"column":0},"end":{"line":417,"column":21}},"417":{"start":{"line":418,"column":0},"end":{"line":418,"column":68}},"418":{"start":{"line":419,"column":0},"end":{"line":419,"column":71}},"419":{"start":{"line":420,"column":0},"end":{"line":420,"column":5}},"420":{"start":{"line":421,"column":0},"end":{"line":421,"column":5}},"421":{"start":{"line":422,"column":0},"end":{"line":422,"column":0}},"422":{"start":{"line":423,"column":0},"end":{"line":423,"column":56}},"423":{"start":{"line":424,"column":0},"end":{"line":424,"column":76}},"424":{"start":{"line":425,"column":0},"end":{"line":425,"column":9}},"425":{"start":{"line":426,"column":0},"end":{"line":426,"column":32}},"426":{"start":{"line":427,"column":0},"end":{"line":427,"column":6}},"427":{"start":{"line":428,"column":0},"end":{"line":428,"column":33}},"428":{"start":{"line":429,"column":0},"end":{"line":429,"column":42}},"429":{"start":{"line":430,"column":0},"end":{"line":430,"column":37}},"430":{"start":{"line":431,"column":0},"end":{"line":431,"column":9}},"431":{"start":{"line":432,"column":0},"end":{"line":432,"column":0}},"432":{"start":{"line":433,"column":0},"end":{"line":433,"column":40}},"433":{"start":{"line":434,"column":0},"end":{"line":434,"column":21}},"434":{"start":{"line":435,"column":0},"end":{"line":435,"column":9}},"435":{"start":{"line":436,"column":0},"end":{"line":436,"column":6}},"436":{"start":{"line":437,"column":0},"end":{"line":437,"column":52}},"437":{"start":{"line":438,"column":0},"end":{"line":438,"column":21}},"438":{"start":{"line":439,"column":0},"end":{"line":439,"column":74}},"439":{"start":{"line":440,"column":0},"end":{"line":440,"column":71}},"440":{"start":{"line":441,"column":0},"end":{"line":441,"column":5}},"441":{"start":{"line":442,"column":0},"end":{"line":442,"column":5}},"442":{"start":{"line":443,"column":0},"end":{"line":443,"column":0}},"443":{"start":{"line":444,"column":0},"end":{"line":444,"column":36}},"444":{"start":{"line":445,"column":0},"end":{"line":445,"column":63}},"445":{"start":{"line":446,"column":0},"end":{"line":446,"column":9}},"446":{"start":{"line":447,"column":0},"end":{"line":447,"column":47}},"447":{"start":{"line":448,"column":0},"end":{"line":448,"column":36}},"448":{"start":{"line":449,"column":0},"end":{"line":449,"column":86}},"449":{"start":{"line":450,"column":0},"end":{"line":450,"column":7}},"450":{"start":{"line":451,"column":0},"end":{"line":451,"column":47}},"451":{"start":{"line":452,"column":0},"end":{"line":452,"column":60}},"452":{"start":{"line":453,"column":0},"end":{"line":453,"column":9}},"453":{"start":{"line":454,"column":0},"end":{"line":454,"column":22}},"454":{"start":{"line":455,"column":0},"end":{"line":455,"column":21}},"455":{"start":{"line":456,"column":0},"end":{"line":456,"column":61}},"456":{"start":{"line":457,"column":0},"end":{"line":457,"column":64}},"457":{"start":{"line":458,"column":0},"end":{"line":458,"column":5}},"458":{"start":{"line":459,"column":0},"end":{"line":459,"column":5}},"459":{"start":{"line":460,"column":0},"end":{"line":460,"column":0}},"460":{"start":{"line":461,"column":0},"end":{"line":461,"column":39}},"461":{"start":{"line":462,"column":0},"end":{"line":462,"column":66}},"462":{"start":{"line":463,"column":0},"end":{"line":463,"column":9}},"463":{"start":{"line":464,"column":0},"end":{"line":464,"column":32}},"464":{"start":{"line":465,"column":0},"end":{"line":465,"column":47}},"465":{"start":{"line":466,"column":0},"end":{"line":466,"column":47}},"466":{"start":{"line":467,"column":0},"end":{"line":467,"column":36}},"467":{"start":{"line":468,"column":0},"end":{"line":468,"column":86}},"468":{"start":{"line":469,"column":0},"end":{"line":469,"column":9}},"469":{"start":{"line":470,"column":0},"end":{"line":470,"column":22}},"470":{"start":{"line":471,"column":0},"end":{"line":471,"column":21}},"471":{"start":{"line":472,"column":0},"end":{"line":472,"column":60}},"472":{"start":{"line":473,"column":0},"end":{"line":473,"column":64}},"473":{"start":{"line":474,"column":0},"end":{"line":474,"column":5}},"474":{"start":{"line":475,"column":0},"end":{"line":475,"column":5}},"475":{"start":{"line":476,"column":0},"end":{"line":476,"column":0}},"476":{"start":{"line":477,"column":0},"end":{"line":477,"column":42}},"477":{"start":{"line":478,"column":0},"end":{"line":478,"column":69}},"478":{"start":{"line":479,"column":0},"end":{"line":479,"column":9}},"479":{"start":{"line":480,"column":0},"end":{"line":480,"column":32}},"480":{"start":{"line":481,"column":0},"end":{"line":481,"column":41}},"481":{"start":{"line":482,"column":0},"end":{"line":482,"column":79}},"482":{"start":{"line":483,"column":0},"end":{"line":483,"column":65}},"483":{"start":{"line":484,"column":0},"end":{"line":484,"column":34}},"484":{"start":{"line":485,"column":0},"end":{"line":485,"column":21}},"485":{"start":{"line":486,"column":0},"end":{"line":486,"column":63}},"486":{"start":{"line":487,"column":0},"end":{"line":487,"column":64}},"487":{"start":{"line":488,"column":0},"end":{"line":488,"column":5}},"488":{"start":{"line":489,"column":0},"end":{"line":489,"column":5}},"489":{"start":{"line":490,"column":0},"end":{"line":490,"column":0}},"490":{"start":{"line":491,"column":0},"end":{"line":491,"column":65}},"491":{"start":{"line":492,"column":0},"end":{"line":492,"column":28}},"492":{"start":{"line":493,"column":0},"end":{"line":493,"column":65}},"493":{"start":{"line":494,"column":0},"end":{"line":494,"column":0}},"494":{"start":{"line":495,"column":0},"end":{"line":495,"column":37}},"495":{"start":{"line":496,"column":0},"end":{"line":496,"column":46}},"496":{"start":{"line":497,"column":0},"end":{"line":497,"column":9}},"497":{"start":{"line":498,"column":0},"end":{"line":498,"column":58}},"498":{"start":{"line":499,"column":0},"end":{"line":499,"column":51}},"499":{"start":{"line":500,"column":0},"end":{"line":500,"column":65}},"500":{"start":{"line":501,"column":0},"end":{"line":501,"column":61}},"501":{"start":{"line":502,"column":0},"end":{"line":502,"column":57}},"502":{"start":{"line":503,"column":0},"end":{"line":503,"column":0}},"503":{"start":{"line":504,"column":0},"end":{"line":504,"column":16}},"504":{"start":{"line":505,"column":0},"end":{"line":505,"column":45}},"505":{"start":{"line":506,"column":0},"end":{"line":506,"column":23}},"506":{"start":{"line":507,"column":0},"end":{"line":507,"column":15}},"507":{"start":{"line":508,"column":0},"end":{"line":508,"column":21}},"508":{"start":{"line":509,"column":0},"end":{"line":509,"column":17}},"509":{"start":{"line":510,"column":0},"end":{"line":510,"column":24}},"510":{"start":{"line":511,"column":0},"end":{"line":511,"column":22}},"511":{"start":{"line":512,"column":0},"end":{"line":512,"column":19}},"512":{"start":{"line":513,"column":0},"end":{"line":513,"column":9}},"513":{"start":{"line":514,"column":0},"end":{"line":514,"column":9}},"514":{"start":{"line":515,"column":0},"end":{"line":515,"column":21}},"515":{"start":{"line":516,"column":0},"end":{"line":516,"column":60}},"516":{"start":{"line":517,"column":0},"end":{"line":517,"column":64}},"517":{"start":{"line":518,"column":0},"end":{"line":518,"column":5}},"518":{"start":{"line":519,"column":0},"end":{"line":519,"column":5}},"519":{"start":{"line":520,"column":0},"end":{"line":520,"column":0}},"520":{"start":{"line":521,"column":0},"end":{"line":521,"column":52}},"521":{"start":{"line":522,"column":0},"end":{"line":522,"column":63}},"522":{"start":{"line":523,"column":0},"end":{"line":523,"column":9}},"523":{"start":{"line":524,"column":0},"end":{"line":524,"column":32}},"524":{"start":{"line":525,"column":0},"end":{"line":525,"column":0}},"525":{"start":{"line":526,"column":0},"end":{"line":526,"column":54}},"526":{"start":{"line":527,"column":0},"end":{"line":527,"column":78}},"527":{"start":{"line":528,"column":0},"end":{"line":528,"column":7}},"528":{"start":{"line":529,"column":0},"end":{"line":529,"column":0}},"529":{"start":{"line":530,"column":0},"end":{"line":530,"column":63}},"530":{"start":{"line":531,"column":0},"end":{"line":531,"column":43}},"531":{"start":{"line":532,"column":0},"end":{"line":532,"column":41}},"532":{"start":{"line":533,"column":0},"end":{"line":533,"column":45}},"533":{"start":{"line":534,"column":0},"end":{"line":534,"column":38}},"534":{"start":{"line":535,"column":0},"end":{"line":535,"column":41}},"535":{"start":{"line":536,"column":0},"end":{"line":536,"column":0}},"536":{"start":{"line":537,"column":0},"end":{"line":537,"column":24}},"537":{"start":{"line":538,"column":0},"end":{"line":538,"column":39}},"538":{"start":{"line":539,"column":0},"end":{"line":539,"column":68}},"539":{"start":{"line":540,"column":0},"end":{"line":540,"column":7}},"540":{"start":{"line":541,"column":0},"end":{"line":541,"column":35}},"541":{"start":{"line":542,"column":0},"end":{"line":542,"column":61}},"542":{"start":{"line":543,"column":0},"end":{"line":543,"column":7}},"543":{"start":{"line":544,"column":0},"end":{"line":544,"column":43}},"544":{"start":{"line":545,"column":0},"end":{"line":545,"column":75}},"545":{"start":{"line":546,"column":0},"end":{"line":546,"column":7}},"546":{"start":{"line":547,"column":0},"end":{"line":547,"column":39}},"547":{"start":{"line":548,"column":0},"end":{"line":548,"column":67}},"548":{"start":{"line":549,"column":0},"end":{"line":549,"column":7}},"549":{"start":{"line":550,"column":0},"end":{"line":550,"column":41}},"550":{"start":{"line":551,"column":0},"end":{"line":551,"column":71}},"551":{"start":{"line":552,"column":0},"end":{"line":552,"column":7}},"552":{"start":{"line":553,"column":0},"end":{"line":553,"column":0}},"553":{"start":{"line":554,"column":0},"end":{"line":554,"column":77}},"554":{"start":{"line":555,"column":0},"end":{"line":555,"column":21}},"555":{"start":{"line":556,"column":0},"end":{"line":556,"column":61}},"556":{"start":{"line":557,"column":0},"end":{"line":557,"column":64}},"557":{"start":{"line":558,"column":0},"end":{"line":558,"column":5}},"558":{"start":{"line":559,"column":0},"end":{"line":559,"column":5}},"559":{"start":{"line":560,"column":0},"end":{"line":560,"column":0}},"560":{"start":{"line":561,"column":0},"end":{"line":561,"column":65}},"561":{"start":{"line":562,"column":0},"end":{"line":562,"column":28}},"562":{"start":{"line":563,"column":0},"end":{"line":563,"column":65}},"563":{"start":{"line":564,"column":0},"end":{"line":564,"column":0}},"564":{"start":{"line":565,"column":0},"end":{"line":565,"column":52}},"565":{"start":{"line":566,"column":0},"end":{"line":566,"column":53}},"566":{"start":{"line":567,"column":0},"end":{"line":567,"column":9}},"567":{"start":{"line":568,"column":0},"end":{"line":568,"column":59}},"568":{"start":{"line":569,"column":0},"end":{"line":569,"column":63}},"569":{"start":{"line":570,"column":0},"end":{"line":570,"column":24}},"570":{"start":{"line":571,"column":0},"end":{"line":571,"column":29}},"571":{"start":{"line":572,"column":0},"end":{"line":572,"column":87}},"572":{"start":{"line":573,"column":0},"end":{"line":573,"column":9}},"573":{"start":{"line":574,"column":0},"end":{"line":574,"column":23}},"574":{"start":{"line":575,"column":0},"end":{"line":575,"column":21}},"575":{"start":{"line":576,"column":0},"end":{"line":576,"column":67}},"576":{"start":{"line":577,"column":0},"end":{"line":577,"column":72}},"577":{"start":{"line":578,"column":0},"end":{"line":578,"column":5}},"578":{"start":{"line":579,"column":0},"end":{"line":579,"column":5}},"579":{"start":{"line":580,"column":0},"end":{"line":580,"column":0}},"580":{"start":{"line":581,"column":0},"end":{"line":581,"column":58}},"581":{"start":{"line":582,"column":0},"end":{"line":582,"column":58}},"582":{"start":{"line":583,"column":0},"end":{"line":583,"column":9}},"583":{"start":{"line":584,"column":0},"end":{"line":584,"column":33}},"584":{"start":{"line":585,"column":0},"end":{"line":585,"column":78}},"585":{"start":{"line":586,"column":0},"end":{"line":586,"column":21}},"586":{"start":{"line":587,"column":0},"end":{"line":587,"column":73}},"587":{"start":{"line":588,"column":0},"end":{"line":588,"column":7}},"588":{"start":{"line":589,"column":0},"end":{"line":589,"column":97}},"589":{"start":{"line":590,"column":0},"end":{"line":590,"column":21}},"590":{"start":{"line":591,"column":0},"end":{"line":591,"column":72}},"591":{"start":{"line":592,"column":0},"end":{"line":592,"column":71}},"592":{"start":{"line":593,"column":0},"end":{"line":593,"column":5}},"593":{"start":{"line":594,"column":0},"end":{"line":594,"column":5}},"594":{"start":{"line":595,"column":0},"end":{"line":595,"column":0}},"595":{"start":{"line":596,"column":0},"end":{"line":596,"column":64}},"596":{"start":{"line":597,"column":0},"end":{"line":597,"column":74}},"597":{"start":{"line":598,"column":0},"end":{"line":598,"column":9}},"598":{"start":{"line":599,"column":0},"end":{"line":599,"column":33}},"599":{"start":{"line":600,"column":0},"end":{"line":600,"column":56}},"600":{"start":{"line":601,"column":0},"end":{"line":601,"column":0}},"601":{"start":{"line":602,"column":0},"end":{"line":602,"column":35}},"602":{"start":{"line":603,"column":0},"end":{"line":603,"column":53}},"603":{"start":{"line":604,"column":0},"end":{"line":604,"column":55}},"604":{"start":{"line":605,"column":0},"end":{"line":605,"column":49}},"605":{"start":{"line":606,"column":0},"end":{"line":606,"column":107}},"606":{"start":{"line":607,"column":0},"end":{"line":607,"column":9}},"607":{"start":{"line":608,"column":0},"end":{"line":608,"column":7}},"608":{"start":{"line":609,"column":0},"end":{"line":609,"column":0}},"609":{"start":{"line":610,"column":0},"end":{"line":610,"column":55}},"610":{"start":{"line":611,"column":0},"end":{"line":611,"column":23}},"611":{"start":{"line":612,"column":0},"end":{"line":612,"column":51}},"612":{"start":{"line":613,"column":0},"end":{"line":613,"column":55}},"613":{"start":{"line":614,"column":0},"end":{"line":614,"column":9}},"614":{"start":{"line":615,"column":0},"end":{"line":615,"column":0}},"615":{"start":{"line":616,"column":0},"end":{"line":616,"column":16}},"616":{"start":{"line":617,"column":0},"end":{"line":617,"column":23}},"617":{"start":{"line":618,"column":0},"end":{"line":618,"column":25}},"618":{"start":{"line":619,"column":0},"end":{"line":619,"column":96}},"619":{"start":{"line":620,"column":0},"end":{"line":620,"column":9}},"620":{"start":{"line":621,"column":0},"end":{"line":621,"column":21}},"621":{"start":{"line":622,"column":0},"end":{"line":622,"column":72}},"622":{"start":{"line":623,"column":0},"end":{"line":623,"column":69}},"623":{"start":{"line":624,"column":0},"end":{"line":624,"column":5}},"624":{"start":{"line":625,"column":0},"end":{"line":625,"column":5}},"625":{"start":{"line":626,"column":0},"end":{"line":626,"column":0}},"626":{"start":{"line":627,"column":0},"end":{"line":627,"column":54}},"627":{"start":{"line":628,"column":0},"end":{"line":628,"column":70}},"628":{"start":{"line":629,"column":0},"end":{"line":629,"column":9}},"629":{"start":{"line":630,"column":0},"end":{"line":630,"column":39}},"630":{"start":{"line":631,"column":0},"end":{"line":631,"column":0}},"631":{"start":{"line":632,"column":0},"end":{"line":632,"column":17}},"632":{"start":{"line":633,"column":0},"end":{"line":633,"column":69}},"633":{"start":{"line":634,"column":0},"end":{"line":634,"column":7}},"634":{"start":{"line":635,"column":0},"end":{"line":635,"column":0}},"635":{"start":{"line":636,"column":0},"end":{"line":636,"column":40}},"636":{"start":{"line":637,"column":0},"end":{"line":637,"column":79}},"637":{"start":{"line":638,"column":0},"end":{"line":638,"column":21}},"638":{"start":{"line":639,"column":0},"end":{"line":639,"column":86}},"639":{"start":{"line":640,"column":0},"end":{"line":640,"column":7}},"640":{"start":{"line":641,"column":0},"end":{"line":641,"column":0}},"641":{"start":{"line":642,"column":0},"end":{"line":642,"column":55}},"642":{"start":{"line":643,"column":0},"end":{"line":643,"column":59}},"643":{"start":{"line":644,"column":0},"end":{"line":644,"column":9}},"644":{"start":{"line":645,"column":0},"end":{"line":645,"column":0}},"645":{"start":{"line":646,"column":0},"end":{"line":646,"column":16}},"646":{"start":{"line":647,"column":0},"end":{"line":647,"column":23}},"647":{"start":{"line":648,"column":0},"end":{"line":648,"column":25}},"648":{"start":{"line":649,"column":0},"end":{"line":649,"column":96}},"649":{"start":{"line":650,"column":0},"end":{"line":650,"column":9}},"650":{"start":{"line":651,"column":0},"end":{"line":651,"column":21}},"651":{"start":{"line":652,"column":0},"end":{"line":652,"column":68}},"652":{"start":{"line":653,"column":0},"end":{"line":653,"column":71}},"653":{"start":{"line":654,"column":0},"end":{"line":654,"column":5}},"654":{"start":{"line":655,"column":0},"end":{"line":655,"column":5}},"655":{"start":{"line":656,"column":0},"end":{"line":656,"column":0}},"656":{"start":{"line":657,"column":0},"end":{"line":657,"column":57}},"657":{"start":{"line":658,"column":0},"end":{"line":658,"column":77}},"658":{"start":{"line":659,"column":0},"end":{"line":659,"column":9}},"659":{"start":{"line":660,"column":0},"end":{"line":660,"column":33}},"660":{"start":{"line":661,"column":0},"end":{"line":661,"column":58}},"661":{"start":{"line":662,"column":0},"end":{"line":662,"column":34}},"662":{"start":{"line":663,"column":0},"end":{"line":663,"column":21}},"663":{"start":{"line":664,"column":0},"end":{"line":664,"column":75}},"664":{"start":{"line":665,"column":0},"end":{"line":665,"column":71}},"665":{"start":{"line":666,"column":0},"end":{"line":666,"column":5}},"666":{"start":{"line":667,"column":0},"end":{"line":667,"column":5}},"667":{"start":{"line":668,"column":0},"end":{"line":668,"column":0}},"668":{"start":{"line":669,"column":0},"end":{"line":669,"column":65}},"669":{"start":{"line":670,"column":0},"end":{"line":670,"column":48}},"670":{"start":{"line":671,"column":0},"end":{"line":671,"column":65}},"671":{"start":{"line":672,"column":0},"end":{"line":672,"column":0}},"672":{"start":{"line":673,"column":0},"end":{"line":673,"column":79}},"673":{"start":{"line":674,"column":0},"end":{"line":674,"column":64}},"674":{"start":{"line":675,"column":0},"end":{"line":675,"column":9}},"675":{"start":{"line":676,"column":0},"end":{"line":676,"column":53}},"676":{"start":{"line":677,"column":0},"end":{"line":677,"column":6}},"677":{"start":{"line":678,"column":0},"end":{"line":678,"column":60}},"678":{"start":{"line":679,"column":0},"end":{"line":679,"column":51}},"679":{"start":{"line":680,"column":0},"end":{"line":680,"column":9}},"680":{"start":{"line":681,"column":0},"end":{"line":681,"column":0}},"681":{"start":{"line":682,"column":0},"end":{"line":682,"column":65}},"682":{"start":{"line":683,"column":0},"end":{"line":683,"column":24}},"683":{"start":{"line":684,"column":0},"end":{"line":684,"column":32}},"684":{"start":{"line":685,"column":0},"end":{"line":685,"column":73}},"685":{"start":{"line":686,"column":0},"end":{"line":686,"column":9}},"686":{"start":{"line":687,"column":0},"end":{"line":687,"column":0}},"687":{"start":{"line":688,"column":0},"end":{"line":688,"column":23}},"688":{"start":{"line":689,"column":0},"end":{"line":689,"column":21}},"689":{"start":{"line":690,"column":0},"end":{"line":690,"column":78}},"690":{"start":{"line":691,"column":0},"end":{"line":691,"column":78}},"691":{"start":{"line":692,"column":0},"end":{"line":692,"column":5}},"692":{"start":{"line":693,"column":0},"end":{"line":693,"column":5}},"693":{"start":{"line":694,"column":0},"end":{"line":694,"column":0}},"694":{"start":{"line":695,"column":0},"end":{"line":695,"column":70}},"695":{"start":{"line":696,"column":0},"end":{"line":696,"column":80}},"696":{"start":{"line":697,"column":0},"end":{"line":697,"column":9}},"697":{"start":{"line":698,"column":0},"end":{"line":698,"column":53}},"698":{"start":{"line":699,"column":0},"end":{"line":699,"column":77}},"699":{"start":{"line":700,"column":0},"end":{"line":700,"column":0}},"700":{"start":{"line":701,"column":0},"end":{"line":701,"column":48}},"701":{"start":{"line":702,"column":0},"end":{"line":702,"column":93}},"702":{"start":{"line":703,"column":0},"end":{"line":703,"column":20}},"703":{"start":{"line":704,"column":0},"end":{"line":704,"column":78}},"704":{"start":{"line":705,"column":0},"end":{"line":705,"column":7}},"705":{"start":{"line":706,"column":0},"end":{"line":706,"column":0}},"706":{"start":{"line":707,"column":0},"end":{"line":707,"column":94}},"707":{"start":{"line":708,"column":0},"end":{"line":708,"column":40}},"708":{"start":{"line":709,"column":0},"end":{"line":709,"column":104}},"709":{"start":{"line":710,"column":0},"end":{"line":710,"column":13}},"710":{"start":{"line":711,"column":0},"end":{"line":711,"column":0}},"711":{"start":{"line":712,"column":0},"end":{"line":712,"column":44}},"712":{"start":{"line":713,"column":0},"end":{"line":713,"column":57}},"713":{"start":{"line":714,"column":0},"end":{"line":714,"column":61}},"714":{"start":{"line":715,"column":0},"end":{"line":715,"column":31}},"715":{"start":{"line":716,"column":0},"end":{"line":716,"column":47}},"716":{"start":{"line":717,"column":0},"end":{"line":717,"column":120}},"717":{"start":{"line":718,"column":0},"end":{"line":718,"column":9}},"718":{"start":{"line":719,"column":0},"end":{"line":719,"column":30}},"719":{"start":{"line":720,"column":0},"end":{"line":720,"column":58}},"720":{"start":{"line":721,"column":0},"end":{"line":721,"column":120}},"721":{"start":{"line":722,"column":0},"end":{"line":722,"column":9}},"722":{"start":{"line":723,"column":0},"end":{"line":723,"column":0}},"723":{"start":{"line":724,"column":0},"end":{"line":724,"column":57}},"724":{"start":{"line":725,"column":0},"end":{"line":725,"column":0}},"725":{"start":{"line":726,"column":0},"end":{"line":726,"column":88}},"726":{"start":{"line":727,"column":0},"end":{"line":727,"column":70}},"727":{"start":{"line":728,"column":0},"end":{"line":728,"column":18}},"728":{"start":{"line":729,"column":0},"end":{"line":729,"column":27}},"729":{"start":{"line":730,"column":0},"end":{"line":730,"column":39}},"730":{"start":{"line":731,"column":0},"end":{"line":731,"column":28}},"731":{"start":{"line":732,"column":0},"end":{"line":732,"column":11}},"732":{"start":{"line":733,"column":0},"end":{"line":733,"column":11}},"733":{"start":{"line":734,"column":0},"end":{"line":734,"column":0}},"734":{"start":{"line":735,"column":0},"end":{"line":735,"column":33}},"735":{"start":{"line":736,"column":0},"end":{"line":736,"column":42}},"736":{"start":{"line":737,"column":0},"end":{"line":737,"column":49}},"737":{"start":{"line":738,"column":0},"end":{"line":738,"column":19}},"738":{"start":{"line":739,"column":0},"end":{"line":739,"column":32}},"739":{"start":{"line":740,"column":0},"end":{"line":740,"column":42}},"740":{"start":{"line":741,"column":0},"end":{"line":741,"column":24}},"741":{"start":{"line":742,"column":0},"end":{"line":742,"column":13}},"742":{"start":{"line":743,"column":0},"end":{"line":743,"column":13}},"743":{"start":{"line":744,"column":0},"end":{"line":744,"column":16}},"744":{"start":{"line":745,"column":0},"end":{"line":745,"column":42}},"745":{"start":{"line":746,"column":0},"end":{"line":746,"column":19}},"746":{"start":{"line":747,"column":0},"end":{"line":747,"column":29}},"747":{"start":{"line":748,"column":0},"end":{"line":748,"column":41}},"748":{"start":{"line":749,"column":0},"end":{"line":749,"column":32}},"749":{"start":{"line":750,"column":0},"end":{"line":750,"column":42}},"750":{"start":{"line":751,"column":0},"end":{"line":751,"column":25}},"751":{"start":{"line":752,"column":0},"end":{"line":752,"column":30}},"752":{"start":{"line":753,"column":0},"end":{"line":753,"column":13}},"753":{"start":{"line":754,"column":0},"end":{"line":754,"column":13}},"754":{"start":{"line":755,"column":0},"end":{"line":755,"column":9}},"755":{"start":{"line":756,"column":0},"end":{"line":756,"column":7}},"756":{"start":{"line":757,"column":0},"end":{"line":757,"column":0}},"757":{"start":{"line":758,"column":0},"end":{"line":758,"column":39}},"758":{"start":{"line":759,"column":0},"end":{"line":759,"column":40}},"759":{"start":{"line":760,"column":0},"end":{"line":760,"column":38}},"760":{"start":{"line":761,"column":0},"end":{"line":761,"column":43}},"761":{"start":{"line":762,"column":0},"end":{"line":762,"column":9}},"762":{"start":{"line":763,"column":0},"end":{"line":763,"column":0}},"763":{"start":{"line":764,"column":0},"end":{"line":764,"column":69}},"764":{"start":{"line":765,"column":0},"end":{"line":765,"column":21}},"765":{"start":{"line":766,"column":0},"end":{"line":766,"column":78}},"766":{"start":{"line":767,"column":0},"end":{"line":767,"column":68}},"767":{"start":{"line":768,"column":0},"end":{"line":768,"column":5}},"768":{"start":{"line":769,"column":0},"end":{"line":769,"column":5}},"769":{"start":{"line":770,"column":0},"end":{"line":770,"column":0}},"770":{"start":{"line":771,"column":0},"end":{"line":771,"column":53}},"771":{"start":{"line":772,"column":0},"end":{"line":772,"column":73}},"772":{"start":{"line":773,"column":0},"end":{"line":773,"column":9}},"773":{"start":{"line":774,"column":0},"end":{"line":774,"column":41}},"774":{"start":{"line":775,"column":0},"end":{"line":775,"column":46}},"775":{"start":{"line":776,"column":0},"end":{"line":776,"column":0}},"776":{"start":{"line":777,"column":0},"end":{"line":777,"column":61}},"777":{"start":{"line":778,"column":0},"end":{"line":778,"column":22}},"778":{"start":{"line":779,"column":0},"end":{"line":779,"column":15}},"779":{"start":{"line":780,"column":0},"end":{"line":780,"column":36}},"780":{"start":{"line":781,"column":0},"end":{"line":781,"column":30}},"781":{"start":{"line":782,"column":0},"end":{"line":782,"column":47}},"782":{"start":{"line":783,"column":0},"end":{"line":783,"column":9}},"783":{"start":{"line":784,"column":0},"end":{"line":784,"column":9}},"784":{"start":{"line":785,"column":0},"end":{"line":785,"column":0}},"785":{"start":{"line":786,"column":0},"end":{"line":786,"column":29}},"786":{"start":{"line":787,"column":0},"end":{"line":787,"column":21}},"787":{"start":{"line":788,"column":0},"end":{"line":788,"column":71}},"788":{"start":{"line":789,"column":0},"end":{"line":789,"column":71}},"789":{"start":{"line":790,"column":0},"end":{"line":790,"column":5}},"790":{"start":{"line":791,"column":0},"end":{"line":791,"column":5}},"791":{"start":{"line":792,"column":0},"end":{"line":792,"column":0}},"792":{"start":{"line":793,"column":0},"end":{"line":793,"column":65}},"793":{"start":{"line":794,"column":0},"end":{"line":794,"column":34}},"794":{"start":{"line":795,"column":0},"end":{"line":795,"column":65}},"795":{"start":{"line":796,"column":0},"end":{"line":796,"column":0}},"796":{"start":{"line":797,"column":0},"end":{"line":797,"column":89}},"797":{"start":{"line":798,"column":0},"end":{"line":798,"column":69}},"798":{"start":{"line":799,"column":0},"end":{"line":799,"column":9}},"799":{"start":{"line":800,"column":0},"end":{"line":800,"column":53}},"800":{"start":{"line":801,"column":0},"end":{"line":801,"column":0}},"801":{"start":{"line":802,"column":0},"end":{"line":802,"column":64}},"802":{"start":{"line":803,"column":0},"end":{"line":803,"column":34}},"803":{"start":{"line":804,"column":0},"end":{"line":804,"column":41}},"804":{"start":{"line":805,"column":0},"end":{"line":805,"column":18}},"805":{"start":{"line":806,"column":0},"end":{"line":806,"column":19}},"806":{"start":{"line":807,"column":0},"end":{"line":807,"column":41}},"807":{"start":{"line":808,"column":0},"end":{"line":808,"column":11}},"808":{"start":{"line":809,"column":0},"end":{"line":809,"column":9}},"809":{"start":{"line":810,"column":0},"end":{"line":810,"column":9}},"810":{"start":{"line":811,"column":0},"end":{"line":811,"column":0}},"811":{"start":{"line":812,"column":0},"end":{"line":812,"column":35}},"812":{"start":{"line":813,"column":0},"end":{"line":813,"column":17}},"813":{"start":{"line":814,"column":0},"end":{"line":814,"column":21}},"814":{"start":{"line":815,"column":0},"end":{"line":815,"column":35}},"815":{"start":{"line":816,"column":0},"end":{"line":816,"column":35}},"816":{"start":{"line":817,"column":0},"end":{"line":817,"column":23}},"817":{"start":{"line":818,"column":0},"end":{"line":818,"column":46}},"818":{"start":{"line":819,"column":0},"end":{"line":819,"column":67}},"819":{"start":{"line":820,"column":0},"end":{"line":820,"column":67}},"820":{"start":{"line":821,"column":0},"end":{"line":821,"column":11}},"821":{"start":{"line":822,"column":0},"end":{"line":822,"column":21}},"822":{"start":{"line":823,"column":0},"end":{"line":823,"column":83}},"823":{"start":{"line":824,"column":0},"end":{"line":824,"column":78}},"824":{"start":{"line":825,"column":0},"end":{"line":825,"column":5}},"825":{"start":{"line":826,"column":0},"end":{"line":826,"column":5}},"826":{"start":{"line":827,"column":0},"end":{"line":827,"column":0}},"827":{"start":{"line":828,"column":0},"end":{"line":828,"column":71}},"828":{"start":{"line":829,"column":0},"end":{"line":829,"column":57}},"829":{"start":{"line":830,"column":0},"end":{"line":830,"column":9}},"830":{"start":{"line":831,"column":0},"end":{"line":831,"column":34}},"831":{"start":{"line":832,"column":0},"end":{"line":832,"column":0}},"832":{"start":{"line":833,"column":0},"end":{"line":833,"column":65}},"833":{"start":{"line":834,"column":0},"end":{"line":834,"column":24}},"834":{"start":{"line":835,"column":0},"end":{"line":835,"column":18}},"835":{"start":{"line":836,"column":0},"end":{"line":836,"column":29}},"836":{"start":{"line":837,"column":0},"end":{"line":837,"column":24}},"837":{"start":{"line":838,"column":0},"end":{"line":838,"column":22}},"838":{"start":{"line":839,"column":0},"end":{"line":839,"column":22}},"839":{"start":{"line":840,"column":0},"end":{"line":840,"column":26}},"840":{"start":{"line":841,"column":0},"end":{"line":841,"column":33}},"841":{"start":{"line":842,"column":0},"end":{"line":842,"column":17}},"842":{"start":{"line":843,"column":0},"end":{"line":843,"column":15}},"843":{"start":{"line":844,"column":0},"end":{"line":844,"column":13}},"844":{"start":{"line":845,"column":0},"end":{"line":845,"column":11}},"845":{"start":{"line":846,"column":0},"end":{"line":846,"column":9}},"846":{"start":{"line":847,"column":0},"end":{"line":847,"column":9}},"847":{"start":{"line":848,"column":0},"end":{"line":848,"column":0}},"848":{"start":{"line":849,"column":0},"end":{"line":849,"column":21}},"849":{"start":{"line":850,"column":0},"end":{"line":850,"column":77}},"850":{"start":{"line":851,"column":0},"end":{"line":851,"column":7}},"851":{"start":{"line":852,"column":0},"end":{"line":852,"column":0}},"852":{"start":{"line":853,"column":0},"end":{"line":853,"column":51}},"853":{"start":{"line":854,"column":0},"end":{"line":854,"column":27}},"854":{"start":{"line":855,"column":0},"end":{"line":855,"column":40}},"855":{"start":{"line":856,"column":0},"end":{"line":856,"column":32}},"856":{"start":{"line":857,"column":0},"end":{"line":857,"column":25}},"857":{"start":{"line":858,"column":0},"end":{"line":858,"column":35}},"858":{"start":{"line":859,"column":0},"end":{"line":859,"column":35}},"859":{"start":{"line":860,"column":0},"end":{"line":860,"column":36}},"860":{"start":{"line":861,"column":0},"end":{"line":861,"column":49}},"861":{"start":{"line":862,"column":0},"end":{"line":862,"column":41}},"862":{"start":{"line":863,"column":0},"end":{"line":863,"column":10}},"863":{"start":{"line":864,"column":0},"end":{"line":864,"column":9}},"864":{"start":{"line":865,"column":0},"end":{"line":865,"column":0}},"865":{"start":{"line":866,"column":0},"end":{"line":866,"column":16}},"866":{"start":{"line":867,"column":0},"end":{"line":867,"column":23}},"867":{"start":{"line":868,"column":0},"end":{"line":868,"column":27}},"868":{"start":{"line":869,"column":0},"end":{"line":869,"column":23}},"869":{"start":{"line":870,"column":0},"end":{"line":870,"column":38}},"870":{"start":{"line":871,"column":0},"end":{"line":871,"column":46}},"871":{"start":{"line":872,"column":0},"end":{"line":872,"column":39}},"872":{"start":{"line":873,"column":0},"end":{"line":873,"column":10}},"873":{"start":{"line":874,"column":0},"end":{"line":874,"column":50}},"874":{"start":{"line":875,"column":0},"end":{"line":875,"column":55}},"875":{"start":{"line":876,"column":0},"end":{"line":876,"column":49}},"876":{"start":{"line":877,"column":0},"end":{"line":877,"column":41}},"877":{"start":{"line":878,"column":0},"end":{"line":878,"column":41}},"878":{"start":{"line":879,"column":0},"end":{"line":879,"column":29}},"879":{"start":{"line":880,"column":0},"end":{"line":880,"column":26}},"880":{"start":{"line":881,"column":0},"end":{"line":881,"column":51}},"881":{"start":{"line":882,"column":0},"end":{"line":882,"column":9}},"882":{"start":{"line":883,"column":0},"end":{"line":883,"column":21}},"883":{"start":{"line":884,"column":0},"end":{"line":884,"column":71}},"884":{"start":{"line":885,"column":0},"end":{"line":885,"column":69}},"885":{"start":{"line":886,"column":0},"end":{"line":886,"column":5}},"886":{"start":{"line":887,"column":0},"end":{"line":887,"column":5}},"887":{"start":{"line":888,"column":0},"end":{"line":888,"column":0}},"888":{"start":{"line":889,"column":0},"end":{"line":889,"column":58}},"889":{"start":{"line":890,"column":0},"end":{"line":890,"column":68}},"890":{"start":{"line":891,"column":0},"end":{"line":891,"column":9}},"891":{"start":{"line":892,"column":0},"end":{"line":892,"column":70}},"892":{"start":{"line":893,"column":0},"end":{"line":893,"column":0}},"893":{"start":{"line":894,"column":0},"end":{"line":894,"column":28}},"894":{"start":{"line":895,"column":0},"end":{"line":895,"column":80}},"895":{"start":{"line":896,"column":0},"end":{"line":896,"column":7}},"896":{"start":{"line":897,"column":0},"end":{"line":897,"column":0}},"897":{"start":{"line":898,"column":0},"end":{"line":898,"column":34}},"898":{"start":{"line":899,"column":0},"end":{"line":899,"column":93}},"899":{"start":{"line":900,"column":0},"end":{"line":900,"column":20}},"900":{"start":{"line":901,"column":0},"end":{"line":901,"column":78}},"901":{"start":{"line":902,"column":0},"end":{"line":902,"column":7}},"902":{"start":{"line":903,"column":0},"end":{"line":903,"column":0}},"903":{"start":{"line":904,"column":0},"end":{"line":904,"column":40}},"904":{"start":{"line":905,"column":0},"end":{"line":905,"column":94}},"905":{"start":{"line":906,"column":0},"end":{"line":906,"column":40}},"906":{"start":{"line":907,"column":0},"end":{"line":907,"column":104}},"907":{"start":{"line":908,"column":0},"end":{"line":908,"column":13}},"908":{"start":{"line":909,"column":0},"end":{"line":909,"column":0}},"909":{"start":{"line":910,"column":0},"end":{"line":910,"column":61}},"910":{"start":{"line":911,"column":0},"end":{"line":911,"column":61}},"911":{"start":{"line":912,"column":0},"end":{"line":912,"column":15}},"912":{"start":{"line":913,"column":0},"end":{"line":913,"column":25}},"913":{"start":{"line":914,"column":0},"end":{"line":914,"column":79}},"914":{"start":{"line":915,"column":0},"end":{"line":915,"column":79}},"915":{"start":{"line":916,"column":0},"end":{"line":916,"column":43}},"916":{"start":{"line":917,"column":0},"end":{"line":917,"column":30}},"917":{"start":{"line":918,"column":0},"end":{"line":918,"column":9}},"918":{"start":{"line":919,"column":0},"end":{"line":919,"column":9}},"919":{"start":{"line":920,"column":0},"end":{"line":920,"column":0}},"920":{"start":{"line":921,"column":0},"end":{"line":921,"column":46}},"921":{"start":{"line":922,"column":0},"end":{"line":922,"column":53}},"922":{"start":{"line":923,"column":0},"end":{"line":923,"column":59}},"923":{"start":{"line":924,"column":0},"end":{"line":924,"column":8}},"924":{"start":{"line":925,"column":0},"end":{"line":925,"column":63}},"925":{"start":{"line":926,"column":0},"end":{"line":926,"column":21}},"926":{"start":{"line":927,"column":0},"end":{"line":927,"column":49}},"927":{"start":{"line":928,"column":0},"end":{"line":928,"column":37}},"928":{"start":{"line":929,"column":0},"end":{"line":929,"column":11}},"929":{"start":{"line":930,"column":0},"end":{"line":930,"column":60}},"930":{"start":{"line":931,"column":0},"end":{"line":931,"column":21}},"931":{"start":{"line":932,"column":0},"end":{"line":932,"column":11}},"932":{"start":{"line":933,"column":0},"end":{"line":933,"column":0}},"933":{"start":{"line":934,"column":0},"end":{"line":934,"column":59}},"934":{"start":{"line":935,"column":0},"end":{"line":935,"column":0}},"935":{"start":{"line":936,"column":0},"end":{"line":936,"column":42}},"936":{"start":{"line":937,"column":0},"end":{"line":937,"column":19}},"937":{"start":{"line":938,"column":0},"end":{"line":938,"column":29}},"938":{"start":{"line":939,"column":0},"end":{"line":939,"column":41}},"939":{"start":{"line":940,"column":0},"end":{"line":940,"column":32}},"940":{"start":{"line":941,"column":0},"end":{"line":941,"column":42}},"941":{"start":{"line":942,"column":0},"end":{"line":942,"column":25}},"942":{"start":{"line":943,"column":0},"end":{"line":943,"column":45}},"943":{"start":{"line":944,"column":0},"end":{"line":944,"column":13}},"944":{"start":{"line":945,"column":0},"end":{"line":945,"column":13}},"945":{"start":{"line":946,"column":0},"end":{"line":946,"column":0}},"946":{"start":{"line":947,"column":0},"end":{"line":947,"column":73}},"947":{"start":{"line":948,"column":0},"end":{"line":948,"column":90}},"948":{"start":{"line":949,"column":0},"end":{"line":949,"column":72}},"949":{"start":{"line":950,"column":0},"end":{"line":950,"column":20}},"950":{"start":{"line":951,"column":0},"end":{"line":951,"column":29}},"951":{"start":{"line":952,"column":0},"end":{"line":952,"column":41}},"952":{"start":{"line":953,"column":0},"end":{"line":953,"column":30}},"953":{"start":{"line":954,"column":0},"end":{"line":954,"column":13}},"954":{"start":{"line":955,"column":0},"end":{"line":955,"column":13}},"955":{"start":{"line":956,"column":0},"end":{"line":956,"column":0}},"956":{"start":{"line":957,"column":0},"end":{"line":957,"column":35}},"957":{"start":{"line":958,"column":0},"end":{"line":958,"column":44}},"958":{"start":{"line":959,"column":0},"end":{"line":959,"column":51}},"959":{"start":{"line":960,"column":0},"end":{"line":960,"column":21}},"960":{"start":{"line":961,"column":0},"end":{"line":961,"column":34}},"961":{"start":{"line":962,"column":0},"end":{"line":962,"column":44}},"962":{"start":{"line":963,"column":0},"end":{"line":963,"column":26}},"963":{"start":{"line":964,"column":0},"end":{"line":964,"column":15}},"964":{"start":{"line":965,"column":0},"end":{"line":965,"column":15}},"965":{"start":{"line":966,"column":0},"end":{"line":966,"column":18}},"966":{"start":{"line":967,"column":0},"end":{"line":967,"column":44}},"967":{"start":{"line":968,"column":0},"end":{"line":968,"column":21}},"968":{"start":{"line":969,"column":0},"end":{"line":969,"column":31}},"969":{"start":{"line":970,"column":0},"end":{"line":970,"column":43}},"970":{"start":{"line":971,"column":0},"end":{"line":971,"column":34}},"971":{"start":{"line":972,"column":0},"end":{"line":972,"column":44}},"972":{"start":{"line":973,"column":0},"end":{"line":973,"column":27}},"973":{"start":{"line":974,"column":0},"end":{"line":974,"column":32}},"974":{"start":{"line":975,"column":0},"end":{"line":975,"column":15}},"975":{"start":{"line":976,"column":0},"end":{"line":976,"column":15}},"976":{"start":{"line":977,"column":0},"end":{"line":977,"column":11}},"977":{"start":{"line":978,"column":0},"end":{"line":978,"column":9}},"978":{"start":{"line":979,"column":0},"end":{"line":979,"column":7}},"979":{"start":{"line":980,"column":0},"end":{"line":980,"column":0}},"980":{"start":{"line":981,"column":0},"end":{"line":981,"column":29}},"981":{"start":{"line":982,"column":0},"end":{"line":982,"column":40}},"982":{"start":{"line":983,"column":0},"end":{"line":983,"column":38}},"983":{"start":{"line":984,"column":0},"end":{"line":984,"column":43}},"984":{"start":{"line":985,"column":0},"end":{"line":985,"column":9}},"985":{"start":{"line":986,"column":0},"end":{"line":986,"column":0}},"986":{"start":{"line":987,"column":0},"end":{"line":987,"column":16}},"987":{"start":{"line":988,"column":0},"end":{"line":988,"column":22}},"988":{"start":{"line":989,"column":0},"end":{"line":989,"column":27}},"989":{"start":{"line":990,"column":0},"end":{"line":990,"column":50}},"990":{"start":{"line":991,"column":0},"end":{"line":991,"column":9}},"991":{"start":{"line":992,"column":0},"end":{"line":992,"column":21}},"992":{"start":{"line":993,"column":0},"end":{"line":993,"column":66}},"993":{"start":{"line":994,"column":0},"end":{"line":994,"column":69}},"994":{"start":{"line":995,"column":0},"end":{"line":995,"column":5}},"995":{"start":{"line":996,"column":0},"end":{"line":996,"column":5}},"996":{"start":{"line":997,"column":0},"end":{"line":997,"column":0}},"997":{"start":{"line":998,"column":0},"end":{"line":998,"column":62}},"998":{"start":{"line":999,"column":0},"end":{"line":999,"column":76}},"999":{"start":{"line":1000,"column":0},"end":{"line":1000,"column":9}},"1000":{"start":{"line":1001,"column":0},"end":{"line":1001,"column":34}},"1001":{"start":{"line":1002,"column":0},"end":{"line":1002,"column":0}},"1002":{"start":{"line":1003,"column":0},"end":{"line":1003,"column":50}},"1003":{"start":{"line":1004,"column":0},"end":{"line":1004,"column":85}},"1004":{"start":{"line":1005,"column":0},"end":{"line":1005,"column":21}},"1005":{"start":{"line":1006,"column":0},"end":{"line":1006,"column":77}},"1006":{"start":{"line":1007,"column":0},"end":{"line":1007,"column":7}},"1007":{"start":{"line":1008,"column":0},"end":{"line":1008,"column":0}},"1008":{"start":{"line":1009,"column":0},"end":{"line":1009,"column":42}},"1009":{"start":{"line":1010,"column":0},"end":{"line":1010,"column":50}},"1010":{"start":{"line":1011,"column":0},"end":{"line":1011,"column":9}},"1011":{"start":{"line":1012,"column":0},"end":{"line":1012,"column":0}},"1012":{"start":{"line":1013,"column":0},"end":{"line":1013,"column":65}},"1013":{"start":{"line":1014,"column":0},"end":{"line":1014,"column":0}},"1014":{"start":{"line":1015,"column":0},"end":{"line":1015,"column":34}},"1015":{"start":{"line":1016,"column":0},"end":{"line":1016,"column":21}},"1016":{"start":{"line":1017,"column":0},"end":{"line":1017,"column":74}},"1017":{"start":{"line":1018,"column":0},"end":{"line":1018,"column":69}},"1018":{"start":{"line":1019,"column":0},"end":{"line":1019,"column":5}},"1019":{"start":{"line":1020,"column":0},"end":{"line":1020,"column":5}},"1020":{"start":{"line":1021,"column":0},"end":{"line":1021,"column":0}},"1021":{"start":{"line":1022,"column":0},"end":{"line":1022,"column":13}},"1022":{"start":{"line":1023,"column":0},"end":{"line":1023,"column":1}},"1023":{"start":{"line":1024,"column":0},"end":{"line":1024,"column":0}},"1024":{"start":{"line":1025,"column":0},"end":{"line":1025,"column":63}},"1025":{"start":{"line":1026,"column":0},"end":{"line":1026,"column":40}},"1026":{"start":{"line":1027,"column":0},"end":{"line":1027,"column":63}},"1027":{"start":{"line":1028,"column":0},"end":{"line":1028,"column":38}},"1028":{"start":{"line":1029,"column":0},"end":{"line":1029,"column":0}},"1029":{"start":{"line":1030,"column":0},"end":{"line":1030,"column":74}},"1030":{"start":{"line":1031,"column":0},"end":{"line":1031,"column":62}},"1031":{"start":{"line":1032,"column":0},"end":{"line":1032,"column":26}},"1032":{"start":{"line":1033,"column":0},"end":{"line":1033,"column":26}},"1033":{"start":{"line":1034,"column":0},"end":{"line":1034,"column":82}},"1034":{"start":{"line":1035,"column":0},"end":{"line":1035,"column":5}},"1035":{"start":{"line":1036,"column":0},"end":{"line":1036,"column":1}}},"s":{"0":1,"1":1,"2":1,"3":1,"4":1,"5":1,"6":1,"7":1,"8":1,"9":1,"10":16,"11":16,"12":16,"13":16,"14":16,"15":16,"16":16,"17":16,"18":16,"19":16,"20":16,"21":16,"22":16,"23":16,"24":16,"25":2,"26":2,"27":2,"28":2,"29":2,"30":2,"31":2,"32":2,"33":2,"34":2,"35":2,"36":2,"37":2,"38":2,"39":2,"40":2,"41":2,"42":2,"43":2,"44":0,"45":2,"46":2,"47":2,"48":2,"49":2,"50":2,"51":2,"52":2,"53":2,"54":2,"55":2,"56":2,"57":0,"58":0,"59":0,"60":0,"61":0,"62":0,"63":0,"64":0,"65":0,"66":0,"67":0,"68":0,"69":0,"70":0,"71":0,"72":0,"73":0,"74":0,"75":0,"76":0,"77":0,"78":0,"79":0,"80":0,"81":0,"82":0,"83":0,"84":0,"85":0,"86":0,"87":0,"88":0,"89":0,"90":0,"91":0,"92":2,"93":2,"94":2,"95":2,"96":2,"97":2,"98":2,"99":2,"100":2,"101":2,"102":2,"103":2,"104":2,"105":2,"106":2,"107":2,"108":2,"109":2,"110":2,"111":2,"112":2,"113":2,"114":0,"115":0,"116":0,"117":16,"118":16,"119":16,"120":16,"121":4,"122":4,"123":4,"124":4,"125":2,"126":2,"127":2,"128":2,"129":2,"130":2,"131":2,"132":2,"133":2,"134":2,"135":2,"136":2,"137":4,"138":1,"139":1,"140":1,"141":1,"142":1,"143":1,"144":1,"145":1,"146":1,"147":1,"148":1,"149":1,"150":1,"151":2,"152":2,"153":2,"154":2,"155":2,"156":2,"157":2,"158":4,"159":4,"160":4,"161":0,"162":0,"163":0,"164":16,"165":16,"166":16,"167":16,"168":2,"169":2,"170":2,"171":2,"172":2,"173":2,"174":1,"175":1,"176":1,"177":1,"178":1,"179":1,"180":1,"181":1,"182":1,"183":1,"184":1,"185":1,"186":1,"187":1,"188":1,"189":1,"190":1,"191":1,"192":1,"193":2,"194":0,"195":0,"196":0,"197":16,"198":16,"199":16,"200":16,"201":3,"202":3,"203":3,"204":3,"205":3,"206":3,"207":3,"208":3,"209":3,"210":3,"211":3,"212":3,"213":3,"214":3,"215":3,"216":2,"217":2,"218":3,"219":3,"220":0,"221":0,"222":0,"223":16,"224":16,"225":16,"226":16,"227":16,"228":16,"229":1,"230":1,"231":1,"232":1,"233":1,"234":1,"235":1,"236":1,"237":0,"238":0,"239":0,"240":16,"241":16,"242":16,"243":16,"244":2,"245":2,"246":2,"247":2,"248":0,"249":0,"250":0,"251":16,"252":16,"253":16,"254":16,"255":16,"256":16,"257":16,"258":16,"259":0,"260":0,"261":0,"262":0,"263":0,"264":0,"265":0,"266":0,"267":0,"268":0,"269":0,"270":0,"271":0,"272":0,"273":0,"274":0,"275":0,"276":0,"277":0,"278":0,"279":16,"280":16,"281":16,"282":16,"283":16,"284":0,"285":0,"286":0,"287":0,"288":0,"289":0,"290":0,"291":0,"292":0,"293":0,"294":0,"295":0,"296":0,"297":0,"298":0,"299":0,"300":0,"301":0,"302":0,"303":0,"304":0,"305":0,"306":16,"307":16,"308":16,"309":16,"310":0,"311":0,"312":0,"313":0,"314":0,"315":0,"316":0,"317":0,"318":0,"319":0,"320":0,"321":0,"322":16,"323":16,"324":16,"325":16,"326":1,"327":1,"328":1,"329":1,"330":1,"331":1,"332":1,"333":1,"334":1,"335":1,"336":1,"337":1,"338":1,"339":1,"340":1,"341":1,"342":1,"343":1,"344":0,"345":0,"346":0,"347":16,"348":16,"349":16,"350":16,"351":1,"352":1,"353":1,"354":1,"355":1,"356":1,"357":1,"358":1,"359":1,"360":1,"361":1,"362":1,"363":1,"364":1,"365":1,"366":1,"367":1,"368":1,"369":0,"370":0,"371":0,"372":16,"373":16,"374":16,"375":16,"376":16,"377":0,"378":0,"379":0,"380":0,"381":0,"382":0,"383":0,"384":0,"385":0,"386":0,"387":0,"388":0,"389":0,"390":0,"391":0,"392":0,"393":0,"394":0,"395":0,"396":0,"397":16,"398":16,"399":16,"400":16,"401":0,"402":0,"403":0,"404":0,"405":0,"406":0,"407":0,"408":0,"409":0,"410":0,"411":0,"412":0,"413":0,"414":0,"415":0,"416":0,"417":0,"418":0,"419":0,"420":16,"421":16,"422":16,"423":16,"424":0,"425":0,"426":0,"427":0,"428":0,"429":0,"430":0,"431":0,"432":0,"433":0,"434":0,"435":0,"436":0,"437":0,"438":0,"439":0,"440":0,"441":16,"442":16,"443":16,"444":16,"445":0,"446":0,"447":0,"448":0,"449":0,"450":0,"451":0,"452":0,"453":0,"454":0,"455":0,"456":0,"457":0,"458":16,"459":16,"460":16,"461":16,"462":0,"463":0,"464":0,"465":0,"466":0,"467":0,"468":0,"469":0,"470":0,"471":0,"472":0,"473":0,"474":16,"475":16,"476":16,"477":16,"478":0,"479":0,"480":0,"481":0,"482":0,"483":0,"484":0,"485":0,"486":0,"487":0,"488":16,"489":16,"490":16,"491":16,"492":16,"493":16,"494":16,"495":16,"496":0,"497":0,"498":0,"499":0,"500":0,"501":0,"502":0,"503":0,"504":0,"505":0,"506":0,"507":0,"508":0,"509":0,"510":0,"511":0,"512":0,"513":0,"514":0,"515":0,"516":0,"517":0,"518":16,"519":16,"520":16,"521":16,"522":0,"523":0,"524":0,"525":0,"526":0,"527":0,"528":0,"529":0,"530":0,"531":0,"532":0,"533":0,"534":0,"535":0,"536":0,"537":0,"538":0,"539":0,"540":0,"541":0,"542":0,"543":0,"544":0,"545":0,"546":0,"547":0,"548":0,"549":0,"550":0,"551":0,"552":0,"553":0,"554":0,"555":0,"556":0,"557":0,"558":16,"559":16,"560":16,"561":16,"562":16,"563":16,"564":16,"565":16,"566":0,"567":0,"568":0,"569":0,"570":0,"571":0,"572":0,"573":0,"574":0,"575":0,"576":0,"577":0,"578":16,"579":16,"580":16,"581":16,"582":0,"583":0,"584":0,"585":0,"586":0,"587":0,"588":0,"589":0,"590":0,"591":0,"592":0,"593":16,"594":16,"595":16,"596":16,"597":0,"598":0,"599":0,"600":0,"601":0,"602":0,"603":0,"604":0,"605":0,"606":0,"607":0,"608":0,"609":0,"610":0,"611":0,"612":0,"613":0,"614":0,"615":0,"616":0,"617":0,"618":0,"619":0,"620":0,"621":0,"622":0,"623":0,"624":16,"625":16,"626":16,"627":16,"628":0,"629":0,"630":0,"631":0,"632":0,"633":0,"634":0,"635":0,"636":0,"637":0,"638":0,"639":0,"640":0,"641":0,"642":0,"643":0,"644":0,"645":0,"646":0,"647":0,"648":0,"649":0,"650":0,"651":0,"652":0,"653":0,"654":16,"655":16,"656":16,"657":16,"658":0,"659":0,"660":0,"661":0,"662":0,"663":0,"664":0,"665":0,"666":16,"667":16,"668":16,"669":16,"670":16,"671":16,"672":16,"673":16,"674":0,"675":0,"676":0,"677":0,"678":0,"679":0,"680":0,"681":0,"682":0,"683":0,"684":0,"685":0,"686":0,"687":0,"688":0,"689":0,"690":0,"691":0,"692":16,"693":16,"694":16,"695":16,"696":0,"697":0,"698":0,"699":0,"700":0,"701":0,"702":0,"703":0,"704":0,"705":0,"706":0,"707":0,"708":0,"709":0,"710":0,"711":0,"712":0,"713":0,"714":0,"715":0,"716":0,"717":0,"718":0,"719":0,"720":0,"721":0,"722":0,"723":0,"724":0,"725":0,"726":0,"727":0,"728":0,"729":0,"730":0,"731":0,"732":0,"733":0,"734":0,"735":0,"736":0,"737":0,"738":0,"739":0,"740":0,"741":0,"742":0,"743":0,"744":0,"745":0,"746":0,"747":0,"748":0,"749":0,"750":0,"751":0,"752":0,"753":0,"754":0,"755":0,"756":0,"757":0,"758":0,"759":0,"760":0,"761":0,"762":0,"763":0,"764":0,"765":0,"766":0,"767":0,"768":16,"769":16,"770":16,"771":16,"772":0,"773":0,"774":0,"775":0,"776":0,"777":0,"778":0,"779":0,"780":0,"781":0,"782":0,"783":0,"784":0,"785":0,"786":0,"787":0,"788":0,"789":0,"790":16,"791":16,"792":16,"793":16,"794":16,"795":16,"796":16,"797":16,"798":0,"799":0,"800":0,"801":0,"802":0,"803":0,"804":0,"805":0,"806":0,"807":0,"808":0,"809":0,"810":0,"811":0,"812":0,"813":0,"814":0,"815":0,"816":0,"817":0,"818":0,"819":0,"820":0,"821":0,"822":0,"823":0,"824":0,"825":16,"826":16,"827":
[...]
,"C:\\Users\\h.delossantos\\OneDrive - Soventix Caribbean\\Desktop\\Projects\\Skills_dev\\skills-dashboard\\server\\src\\__tests__\\categories_archive.test.js": {"path":"C:\\Users\\h.delossantos\\OneDrive - Soventix Caribbean\\Desktop\\Projects\\Skills_dev\\skills-dashboard\\server\\src\\__tests__\\categories_archive.test.js","all":false,"statementMap":{"0":{"start":{"line":1,"column":0},"end":{"line":1,"column":69}},"1":{"start":{"line":2,"column":0},"end":{"line":2,"column":32}},"2":{"start":{"line":3,"column":0},"end":{"line":3,"column":48}},"3":{"start":{"line":4,"column":0},"end":{"line":4,"column":54}},"4":{"start":{"line":5,"column":0},"end":{"line":5,"column":0}},"5":{"start":{"line":6,"column":0},"end":{"line":6,"column":42}},"6":{"start":{"line":7,"column":0},"end":{"line":7,"column":10}},"7":{"start":{"line":8,"column":0},"end":{"line":8,"column":17}},"8":{"start":{"line":9,"column":0},"end":{"line":9,"column":14}},"9":{"start":{"line":10,"column":0},"end":{"line":10,"column":12}},"10":{"start":{"line":11,"column":0},"end":{"line":11,"column":0}},"11":{"start":{"line":12,"column":0},"end":{"line":12,"column":26}},"12":{"start":{"line":13,"column":0},"end":{"line":13,"column":22}},"13":{"start":{"line":14,"column":0},"end":{"line":14,"column":63}},"14":{"start":{"line":15,"column":0},"end":{"line":15,"column":4}},"15":{"start":{"line":16,"column":0},"end":{"line":16,"column":15}},"16":{"start":{"line":17,"column":0},"end":{"line":17,"column":41}},"17":{"start":{"line":18,"column":0},"end":{"line":18,"column":36}},"18":{"start":{"line":19,"column":0},"end":{"line":19,"column":39}},"19":{"start":{"line":20,"column":0},"end":{"line":20,"column":0}},"20":{"start":{"line":21,"column":0},"end":{"line":21,"column":23}},"21":{"start":{"line":22,"column":0},"end":{"line":22,"column":46}},"22":{"start":{"line":23,"column":0},"end":{"line":23,"column":78}},"23":{"start":{"line":24,"column":0},"end":{"line":24,"column":7}},"24":{"start":{"line":25,"column":0},"end":{"line":25,"column":24}},"25":{"start":{"line":26,"column":0},"end":{"line":26,"column":0}},"26":{"start":{"line":27,"column":0},"end":{"line":27,"column":45}},"27":{"start":{"line":28,"column":0},"end":{"line":28,"column":79}},"28":{"start":{"line":29,"column":0},"end":{"line":29,"column":7}},"29":{"start":{"line":30,"column":0},"end":{"line":30,"column":23}},"30":{"start":{"line":31,"column":0},"end":{"line":31,"column":5}},"31":{"start":{"line":32,"column":0},"end":{"line":32,"column":0}},"32":{"start":{"line":33,"column":0},"end":{"line":33,"column":25}},"33":{"start":{"line":34,"column":0},"end":{"line":34,"column":15}},"34":{"start":{"line":35,"column":0},"end":{"line":35,"column":41}},"35":{"start":{"line":36,"column":0},"end":{"line":36,"column":36}},"36":{"start":{"line":37,"column":0},"end":{"line":37,"column":39}},"37":{"start":{"line":38,"column":0},"end":{"line":38,"column":5}},"38":{"start":{"line":39,"column":0},"end":{"line":39,"column":0}},"39":{"start":{"line":40,"column":0},"end":{"line":40,"column":87}},"40":{"start":{"line":41,"column":0},"end":{"line":41,"column":34}},"41":{"start":{"line":42,"column":0},"end":{"line":42,"column":46}},"42":{"start":{"line":43,"column":0},"end":{"line":43,"column":47}},"43":{"start":{"line":44,"column":0},"end":{"line":44,"column":4}},"44":{"start":{"line":45,"column":0},"end":{"line":45,"column":33}},"45":{"start":{"line":46,"column":0},"end":{"line":46,"column":0}},"46":{"start":{"line":47,"column":0},"end":{"line":47,"column":24}},"47":{"start":{"line":48,"column":0},"end":{"line":48,"column":80}},"48":{"start":{"line":49,"column":0},"end":{"line":49,"column":37}},"49":{"start":{"line":50,"column":0},"end":{"line":50,"column":0}},"50":{"start":{"line":51,"column":0},"end":{"line":51,"column":76}},"51":{"start":{"line":52,"column":0},"end":{"line":52,"column":39}},"52":{"start":{"line":53,"column":0},"end":{"line":53,"column":5}},"53":{"start":{"line":54,"column":0},"end":{"line":54,"column":0}},"54":{"start":{"line":55,"column":0},"end":{"line":55,"column":90}},"55":{"start":{"line":56,"column":0},"end":{"line":56,"column":23}},"56":{"start":{"line":57,"column":0},"end":{"line":57,"column":91}},"57":{"start":{"line":58,"column":0},"end":{"line":58,"column":0}},"58":{"start":{"line":59,"column":0},"end":{"line":59,"column":58}},"59":{"start":{"line":60,"column":0},"end":{"line":60,"column":33}},"60":{"start":{"line":61,"column":0},"end":{"line":61,"column":68}},"61":{"start":{"line":62,"column":0},"end":{"line":62,"column":5}},"62":{"start":{"line":63,"column":0},"end":{"line":63,"column":0}},"63":{"start":{"line":64,"column":0},"end":{"line":64,"column":96}},"64":{"start":{"line":65,"column":0},"end":{"line":65,"column":23}},"65":{"start":{"line":66,"column":0},"end":{"line":66,"column":91}},"66":{"start":{"line":67,"column":0},"end":{"line":67,"column":0}},"67":{"start":{"line":68,"column":0},"end":{"line":68,"column":79}},"68":{"start":{"line":69,"column":0},"end":{"line":69,"column":33}},"69":{"start":{"line":70,"column":0},"end":{"line":70,"column":56}},"70":{"start":{"line":71,"column":0},"end":{"line":71,"column":30}},"71":{"start":{"line":72,"column":0},"end":{"line":72,"column":37}},"72":{"start":{"line":73,"column":0},"end":{"line":73,"column":5}},"73":{"start":{"line":74,"column":0},"end":{"line":74,"column":0}},"74":{"start":{"line":75,"column":0},"end":{"line":75,"column":91}},"75":{"start":{"line":76,"column":0},"end":{"line":76,"column":20}},"76":{"start":{"line":77,"column":0},"end":{"line":77,"column":91}},"77":{"start":{"line":78,"column":0},"end":{"line":78,"column":85}},"78":{"start":{"line":79,"column":0},"end":{"line":79,"column":0}},"79":{"start":{"line":80,"column":0},"end":{"line":80,"column":34}},"80":{"start":{"line":81,"column":0},"end":{"line":81,"column":51}},"81":{"start":{"line":82,"column":0},"end":{"line":82,"column":47}},"82":{"start":{"line":83,"column":0},"end":{"line":83,"column":6}},"83":{"start":{"line":84,"column":0},"end":{"line":84,"column":33}},"84":{"start":{"line":85,"column":0},"end":{"line":85,"column":0}},"85":{"start":{"line":86,"column":0},"end":{"line":86,"column":80}},"86":{"start":{"line":87,"column":0},"end":{"line":87,"column":36}},"87":{"start":{"line":88,"column":0},"end":{"line":88,"column":0}},"88":{"start":{"line":89,"column":0},"end":{"line":89,"column":76}},"89":{"start":{"line":90,"column":0},"end":{"line":90,"column":38}},"90":{"start":{"line":91,"column":0},"end":{"line":91,"column":5}},"91":{"start":{"line":92,"column":0},"end":{"line":92,"column":3}}},"s":{"0":1,"1":1,"2":1,"3":1,"4":1,"5":1,"6":1,"7":1,"8":1,"9":1,"10":1,"11":1,"12":4,"13":4,"14":4,"15":4,"16":4,"17":4,"18":4,"19":4,"20":4,"21":4,"22":4,"23":4,"24":4,"25":4,"26":4,"27":4,"28":4,"29":4,"30":1,"31":1,"32":1,"33":4,"34":4,"35":4,"36":4,"37":1,"38":1,"39":1,"40":1,"41":1,"42":1,"43":1,"44":1,"45":1,"46":1,"47":1,"48":1,"49":1,"50":1,"51":1,"52":1,"53":1,"54":1,"55":1,"56":1,"57":1,"58":1,"59":1,"60":1,"61":1,"62":1,"63":1,"64":1,"65":1,"66":1,"67":1,"68":1,"69":1,"70":1,"71":1,"72":1,"73":1,"74":1,"75":1,"76":1,"77":1,"78":1,"79":1,"80":1,"81":1,"82":1,"83":1,"84":1,"85":1,"86":1,"87":1,"88":1,"89":1,"90":1,"91":1},"branchMap":{"0":{"type":"branch","line":6,"loc":{"start":{"line":6,"column":35},"end":{"line":92,"column":2}},"locations":[{"start":{"line":6,"column":35},"end":{"line":92,"column":2}}]},"1":{"type":"branch","line":12,"loc":{"start":{"line":12,"column":13},"end":{"line":31,"column":3}},"locations":[{"start":{"line":12,"column":13},"end":{"line":31,"column":3}}]},"2":{"type":"branch","line":33,"loc":{"start":{"line":33,"column":12},"end":{"line":38,"column":3}},"locations":[{"start":{"line":33,"column":12},"end":{"line":38,"column":3}}]},"3":{"type":"branch","line":40,"loc":{"start":{"line":40,"column":74},"end":{"line":53,"column":3}},"locations":[{"start":{"line":40,"column":74},"end":{"line":53,"column":3}}]},"4":{"type":"branch","line":55,"loc":{"start":{"line":55,"column":77},"end":{"line":62,"column":3}},"locations":[{"start":{"line":55,"column":77},"end":{"line":62,"column":3}}]},"5":{"type":"branch","line":64,"loc":{"start":{"line":64,"column":83},"end":{"line":73,"column":3}},"locations":[{"start":{"line":64,"column":83},"end":{"line":73,"column":3}}]},"6":{"type":"branch","line":70,"loc":{"start":{"line":70,"column":30},"end":{"line":70,"column":54}},"locations":[{"start":{"line":70,"column":30},"end":{"line":70,"column":54}}]},"7":{"type":"branch","line":75,"loc":{"start":{"line":75,"column":78},"end":{"line":91,"column":3}},"locations":[{"start":{"line":75,"column":78},"end":{"line":91,"column":3}}]}},"b":{"0":[1],"1":[4],"2":[4],"3":[1],"4":[1],"5":[1],"6":[1],"7":[1]},"fnMap":{},"f":{}}
,"C:\\Users\\h.delossantos\\OneDrive - Soventix Caribbean\\Desktop\\Projects\\Skills_dev\\skills-dashboard\\server\\src\\middleware\\auth.js": {"path":"C:\\Users\\h.delossantos\\OneDrive - Soventix Caribbean\\Desktop\\Projects\\Skills_dev\\skills-dashboard\\server\\src\\middleware\\auth.js","all":false,"statementMap":{"0":{"start":{"line":1,"column":0},"end":{"line":1,"column":31}},"1":{"start":{"line":2,"column":0},"end":{"line":2,"column":0}},"2":{"start":{"line":3,"column":0},"end":{"line":3,"column":55}},"3":{"start":{"line":4,"column":0},"end":{"line":4,"column":93}},"4":{"start":{"line":5,"column":0},"end":{"line":5,"column":0}},"5":{"start":{"line":6,"column":0},"end":{"line":6,"column":3}},"6":{"start":{"line":7,"column":0},"end":{"line":7,"column":65}},"7":{"start":{"line":8,"column":0},"end":{"line":8,"column":63}},"8":{"start":{"line":9,"column":0},"end":{"line":9,"column":3}},"9":{"start":{"line":10,"column":0},"end":{"line":10,"column":48}},"10":{"start":{"line":11,"column":0},"end":{"line":11,"column":47}},"11":{"start":{"line":12,"column":0},"end":{"line":12,"column":2}},"12":{"start":{"line":13,"column":0},"end":{"line":13,"column":57}},"13":{"start":{"line":14,"column":0},"end":{"line":14,"column":34}},"14":{"start":{"line":15,"column":0},"end":{"line":15,"column":62}},"15":{"start":{"line":16,"column":0},"end":{"line":16,"column":27}},"16":{"start":{"line":17,"column":0},"end":{"line":17,"column":7}},"17":{"start":{"line":18,"column":0},"end":{"line":18,"column":3}},"18":{"start":{"line":19,"column":0},"end":{"line":19,"column":0}},"19":{"start":{"line":20,"column":0},"end":{"line":20,"column":41}},"20":{"start":{"line":21,"column":0},"end":{"line":21,"column":0}},"21":{"start":{"line":22,"column":0},"end":{"line":22,"column":7}},"22":{"start":{"line":23,"column":0},"end":{"line":23,"column":50}},"23":{"start":{"line":24,"column":0},"end":{"line":24,"column":23}},"24":{"start":{"line":25,"column":0},"end":{"line":25,"column":11}},"25":{"start":{"line":26,"column":0},"end":{"line":26,"column":19}},"26":{"start":{"line":27,"column":0},"end":{"line":27,"column":45}},"27":{"start":{"line":28,"column":0},"end":{"line":28,"column":36}},"28":{"start":{"line":29,"column":0},"end":{"line":29,"column":70}},"29":{"start":{"line":30,"column":0},"end":{"line":30,"column":29}},"30":{"start":{"line":31,"column":0},"end":{"line":31,"column":9}},"31":{"start":{"line":32,"column":0},"end":{"line":32,"column":5}},"32":{"start":{"line":33,"column":0},"end":{"line":33,"column":34}},"33":{"start":{"line":34,"column":0},"end":{"line":34,"column":33}},"34":{"start":{"line":35,"column":0},"end":{"line":35,"column":27}},"35":{"start":{"line":36,"column":0},"end":{"line":36,"column":7}},"36":{"start":{"line":37,"column":0},"end":{"line":37,"column":3}},"37":{"start":{"line":38,"column":0},"end":{"line":38,"column":1}},"38":{"start":{"line":39,"column":0},"end":{"line":39,"column":0}},"39":{"start":{"line":40,"column":0},"end":{"line":40,"column":3}},"40":{"start":{"line":41,"column":0},"end":{"line":41,"column":44}},"41":{"start":{"line":42,"column":0},"end":{"line":42,"column":3}},"42":{"start":{"line":43,"column":0},"end":{"line":43,"column":59}},"43":{"start":{"line":44,"column":0},"end":{"line":44,"column":54}},"44":{"start":{"line":45,"column":0},"end":{"line":45,"column":1}},"45":{"start":{"line":46,"column":0},"end":{"line":46,"column":0}}},"s":{"0":1,"1":1,"2":1,"3":1,"4":1,"5":1,"6":1,"7":1,"8":1,"9":1,"10":2,"11":2,"12":2,"13":0,"14":0,"15":0,"16":0,"17":0,"18":2,"19":2,"20":2,"21":2,"22":2,"23":2,"24":2,"25":2,"26":0,"27":0,"28":0,"29":0,"30":0,"31":0,"32":0,"33":0,"34":0,"35":0,"36":0,"37":2,"38":1,"39":1,"40":1,"41":1,"42":1,"43":4,"44":4,"45":1},"branchMap":{"0":{"type":"branch","line":10,"loc":{"start":{"line":10,"column":7},"end":{"line":38,"column":1}},"locations":[{"start":{"line":10,"column":7},"end":{"line":38,"column":1}}]},"1":{"type":"branch","line":13,"loc":{"start":{"line":13,"column":56},"end":{"line":18,"column":3}},"locations":[{"start":{"line":13,"column":56},"end":{"line":18,"column":3}}]},"2":{"type":"branch","line":26,"loc":{"start":{"line":26,"column":4},"end":{"line":37,"column":3}},"locations":[{"start":{"line":26,"column":4},"end":{"line":37,"column":3}}]},"3":{"type":"branch","line":43,"loc":{"start":{"line":43,"column":7},"end":{"line":45,"column":1}},"locations":[{"start":{"line":43,"column":7},"end":{"line":45,"column":1}}]}},"b":{"0":[2],"1":[0],"2":[0],"3":[4]},"fnMap":{"0":{"name":"authMiddleware","decl":{"start":{"line":10,"column":7},"end":{"line":38,"column":1}},"loc":{"start":{"line":10,"column":7},"end":{"line":38,"column":1}},"line":10},"1":{"name":"generateToken","decl":{"start":{"line":43,"column":7},"end":{"line":45,"column":1}},"loc":{"start":{"line":43,"column":7},"end":{"line":45,"column":1}},"line":43}},"f":{"0":2,"1":4}}
,"C:\\Users\\h.delossantos\\OneDrive - Soventix Caribbean\\Desktop\\Projects\\Skills_dev\\skills-dashboard\\server\\src\\routes\\auth.js": {"path":"C:\\Users\\h.delossantos\\OneDrive - Soventix Caribbean\\Desktop\\Projects\\Skills_dev\\skills-dashboard\\server\\src\\routes\\auth.js","all":false,"statementMap":{"0":{"start":{"line":1,"column":0},"end":{"line":1,"column":30}},"1":{"start":{"line":2,"column":0},"end":{"line":2,"column":31}},"2":{"start":{"line":3,"column":0},"end":{"line":3,"column":66}},"3":{"start":{"line":4,"column":0},"end":{"line":4,"column":0}},"4":{"start":{"line":5,"column":0},"end":{"line":5,"column":32}},"5":{"start":{"line":6,"column":0},"end":{"line":6,"column":0}},"6":{"start":{"line":7,"column":0},"end":{"line":7,"column":53}},"7":{"start":{"line":8,"column":0},"end":{"line":8,"column":47}},"8":{"start":{"line":9,"column":0},"end":{"line":9,"column":64}},"9":{"start":{"line":10,"column":0},"end":{"line":10,"column":0}},"10":{"start":{"line":11,"column":0},"end":{"line":11,"column":3}},"11":{"start":{"line":12,"column":0},"end":{"line":12,"column":23}},"12":{"start":{"line":13,"column":0},"end":{"line":13,"column":40}},"13":{"start":{"line":14,"column":0},"end":{"line":14,"column":3}},"14":{"start":{"line":15,"column":0},"end":{"line":15,"column":43}},"15":{"start":{"line":16,"column":0},"end":{"line":16,"column":7}},"16":{"start":{"line":17,"column":0},"end":{"line":17,"column":34}},"17":{"start":{"line":18,"column":0},"end":{"line":18,"column":0}},"18":{"start":{"line":19,"column":0},"end":{"line":19,"column":20}},"19":{"start":{"line":20,"column":0},"end":{"line":20,"column":36}},"20":{"start":{"line":21,"column":0},"end":{"line":21,"column":40}},"21":{"start":{"line":22,"column":0},"end":{"line":22,"column":33}},"22":{"start":{"line":23,"column":0},"end":{"line":23,"column":9}},"23":{"start":{"line":24,"column":0},"end":{"line":24,"column":5}},"24":{"start":{"line":25,"column":0},"end":{"line":25,"column":0}},"25":{"start":{"line":26,"column":0},"end":{"line":26,"column":42}},"26":{"start":{"line":27,"column":0},"end":{"line":27,"column":56}},"27":{"start":{"line":28,"column":0},"end":{"line":28,"column":48}},"28":{"start":{"line":29,"column":0},"end":{"line":29,"column":0}},"29":{"start":{"line":30,"column":0},"end":{"line":30,"column":19}},"30":{"start":{"line":31,"column":0},"end":{"line":31,"column":36}},"31":{"start":{"line":32,"column":0},"end":{"line":32,"column":41}},"32":{"start":{"line":33,"column":0},"end":{"line":33,"column":32}},"33":{"start":{"line":34,"column":0},"end":{"line":34,"column":9}},"34":{"start":{"line":35,"column":0},"end":{"line":35,"column":5}},"35":{"start":{"line":36,"column":0},"end":{"line":36,"column":0}},"36":{"start":{"line":37,"column":0},"end":{"line":37,"column":25}},"37":{"start":{"line":38,"column":0},"end":{"line":38,"column":34}},"38":{"start":{"line":39,"column":0},"end":{"line":39,"column":20}},"39":{"start":{"line":40,"column":0},"end":{"line":40,"column":41}},"40":{"start":{"line":41,"column":0},"end":{"line":41,"column":7}},"41":{"start":{"line":42,"column":0},"end":{"line":42,"column":0}},"42":{"start":{"line":43,"column":0},"end":{"line":43,"column":15}},"43":{"start":{"line":44,"column":0},"end":{"line":44,"column":20}},"44":{"start":{"line":45,"column":0},"end":{"line":45,"column":12}},"45":{"start":{"line":46,"column":0},"end":{"line":46,"column":41}},"46":{"start":{"line":47,"column":0},"end":{"line":47,"column":7}},"47":{"start":{"line":48,"column":0},"end":{"line":48,"column":19}},"48":{"start":{"line":49,"column":0},"end":{"line":49,"column":63}},"49":{"start":{"line":50,"column":0},"end":{"line":50,"column":62}},"50":{"start":{"line":51,"column":0},"end":{"line":51,"column":3}},"51":{"start":{"line":52,"column":0},"end":{"line":52,"column":3}},"52":{"start":{"line":53,"column":0},"end":{"line":53,"column":0}},"53":{"start":{"line":54,"column":0},"end":{"line":54,"column":3}},"54":{"start":{"line":55,"column":0},"end":{"line":55,"column":23}},"55":{"start":{"line":56,"column":0},"end":{"line":56,"column":34}},"56":{"start":{"line":57,"column":0},"end":{"line":57,"column":3}},"57":{"start":{"line":58,"column":0},"end":{"line":58,"column":37}},"58":{"start":{"line":59,"column":0},"end":{"line":59,"column":47}},"59":{"start":{"line":60,"column":0},"end":{"line":60,"column":2}},"60":{"start":{"line":61,"column":0},"end":{"line":61,"column":57}},"61":{"start":{"line":62,"column":0},"end":{"line":62,"column":46}},"62":{"start":{"line":63,"column":0},"end":{"line":63,"column":3}},"63":{"start":{"line":64,"column":0},"end":{"line":64,"column":0}},"64":{"start":{"line":65,"column":0},"end":{"line":65,"column":7}},"65":{"start":{"line":66,"column":0},"end":{"line":66,"column":43}},"66":{"start":{"line":67,"column":0},"end":{"line":67,"column":50}},"67":{"start":{"line":68,"column":0},"end":{"line":68,"column":53}},"68":{"start":{"line":69,"column":0},"end":{"line":69,"column":17}},"69":{"start":{"line":70,"column":0},"end":{"line":70,"column":67}},"70":{"start":{"line":71,"column":0},"end":{"line":71,"column":39}},"71":{"start":{"line":72,"column":0},"end":{"line":72,"column":3}},"72":{"start":{"line":73,"column":0},"end":{"line":73,"column":3}},"73":{"start":{"line":74,"column":0},"end":{"line":74,"column":0}},"74":{"start":{"line":75,"column":0},"end":{"line":75,"column":22}}},"s":{"0":1,"1":1,"2":1,"3":1,"4":1,"5":1,"6":1,"7":1,"8":1,"9":1,"10":1,"11":1,"12":1,"13":1,"14":1,"15":0,"16":0,"17":0,"18":0,"19":0,"20":0,"21":0,"22":0,"23":0,"24":0,"25":0,"26":0,"27":0,"28":0,"29":0,"30":0,"31":0,"32":0,"33":0,"34":0,"35":0,"36":0,"37":0,"38":0,"39":0,"40":0,"41":0,"42":0,"43":0,"44":0,"45":0,"46":0,"47":0,"48":0,"49":0,"50":0,"51":1,"52":1,"53":1,"54":1,"55":1,"56":1,"57":1,"58":0,"59":0,"60":0,"61":0,"62":0,"63":0,"64":0,"65":0,"66":0,"67":0,"68":0,"69":0,"70":0,"71":0,"72":1,"73":1,"74":1},"branchMap":{},"b":{},"fnMap":{},"f":{}}
}
